[ 2016-12-05T00:05:05+08:00 ] 127.0.0.1 /Tbk/
INFO: [ app_init ] --START--
INFO: Run Behavior\BuildLiteBehavior [ RunTime:0.000033s ]
INFO: [ app_init ] --END-- [ RunTime:0.000856s ]
INFO: [ app_begin ] --START--
INFO: Run Behavior\ReadHtmlCacheBehavior [ RunTime:0.001614s ]
INFO: [ app_begin ] --END-- [ RunTime:0.001878s ]
SQL: SHOW COLUMNS FROM `tbk_usermeta` [ RunTime:0.0062s ]
SQL: SELECT * FROM `tbk_usermeta` WHERE ( user_id=1 )  [ RunTime:0.0008s ]
NOTIC: [8] Undefined variable: userinfo D:\Apache\htdocs\tbk\Tbk\Home\Controller\BaseController.class.php 第 39 行.
SQL: SHOW COLUMNS FROM `tbk_menu` [ RunTime:0.0050s ]
SQL: SELECT * FROM `tbk_menu` WHERE ( 1=1 and parentid=0 and  cid =0 and status=1 )  [ RunTime:0.0006s ]
SQL: SELECT * FROM `tbk_menu` WHERE ( 1=1 and parentid!=0 and  cid =0 and status=1 )  [ RunTime:0.0006s ]
NOTIC: [8] Undefined variable: sidebar D:\Apache\htdocs\tbk\Tbk\Home\Controller\BaseController.class.php 第 14 行.
SQL: SHOW COLUMNS FROM `tbk_options` [ RunTime:0.0069s ]
SQL: SELECT * FROM `tbk_options` WHERE ( autoload='yes' )  [ RunTime:0.0009s ]
SQL: SHOW COLUMNS FROM `tbk_tbkitem` [ RunTime:0.0046s ]
SQL: SELECT COUNT(*) AS tp_count FROM `tbk_tbkitem` LIMIT 1   [ RunTime:0.0006s ]
NOTIC: [8] Undefined variable: cwhere D:\Apache\htdocs\tbk\Tbk\Home\Controller\BaseController.class.php 第 60 行.
SQL: SELECT * FROM `tbk_tbkitem` LIMIT 0,12   [ RunTime:0.0014s ]
SQL: SHOW COLUMNS FROM `tbk_posts` [ RunTime:0.0045s ]
SQL: SELECT * FROM `tbk_posts` WHERE ( 1=1 and post_status='publish' and post_type='post' and post_date<now() ) ORDER BY comment_count desc LIMIT 5   [ RunTime:0.0007s ]
SQL: SELECT * FROM `tbk_posts` WHERE ( 1=1 and post_status='publish' and post_type='post' ) ORDER BY post_date desc LIMIT 5   [ RunTime:0.0004s ]
INFO: [ view_parse ] --START--
INFO: [ template_filter ] --START--
INFO: Run Behavior\ContentReplaceBehavior [ RunTime:0.000070s ]
INFO: [ template_filter ] --END-- [ RunTime:0.000164s ]
NOTIC: [8] Use of undefined constant option_value - assumed 'option_value' D:\Apache\htdocs\tbk\Tbk\Runtime\Cache\Home\31c734afd87e76df000e81f187e3e6be.php 第 15 行.
NOTIC: [8] Use of undefined constant option_value - assumed 'option_value' D:\Apache\htdocs\tbk\Tbk\Runtime\Cache\Home\31c734afd87e76df000e81f187e3e6be.php 第 16 行.
NOTIC: [8] Use of undefined constant option_value - assumed 'option_value' D:\Apache\htdocs\tbk\Tbk\Runtime\Cache\Home\31c734afd87e76df000e81f187e3e6be.php 第 17 行.
NOTIC: [8] Use of undefined constant option_value - assumed 'option_value' D:\Apache\htdocs\tbk\Tbk\Runtime\Cache\Home\31c734afd87e76df000e81f187e3e6be.php 第 31 行.
NOTIC: [8] Use of undefined constant option_value - assumed 'option_value' D:\Apache\htdocs\tbk\Tbk\Runtime\Cache\Home\31c734afd87e76df000e81f187e3e6be.php 第 32 行.
INFO: Run Behavior\ParseTemplateBehavior [ RunTime:0.018010s ]
INFO: [ view_parse ] --END-- [ RunTime:0.018149s ]
INFO: [ view_filter ] --START--
INFO: Run Behavior\WriteHtmlCacheBehavior [ RunTime:0.000692s ]
INFO: [ view_filter ] --END-- [ RunTime:0.000792s ]
INFO: [ app_end ] --START--
INFO: Run Behavior\ShowPageTraceBehavior [ RunTime:0.001296s ]
INFO: [ app_end ] --END-- [ RunTime:0.001415s ]

[ 2016-12-05T00:05:46+08:00 ] 127.0.0.1 /Tbk/
INFO: [ app_init ] --START--
INFO: Run Behavior\BuildLiteBehavior [ RunTime:0.000028s ]
INFO: [ app_init ] --END-- [ RunTime:0.000560s ]
INFO: [ app_begin ] --START--
INFO: Run Behavior\ReadHtmlCacheBehavior [ RunTime:0.001507s ]
INFO: [ app_begin ] --END-- [ RunTime:0.001726s ]
SQL: SHOW COLUMNS FROM `tbk_usermeta` [ RunTime:0.0060s ]
SQL: SELECT * FROM `tbk_usermeta` WHERE ( user_id=1 )  [ RunTime:0.0007s ]
NOTIC: [8] Undefined variable: userinfo D:\Apache\htdocs\tbk\Tbk\Home\Controller\BaseController.class.php 第 39 行.
SQL: SHOW COLUMNS FROM `tbk_menu` [ RunTime:0.0061s ]
SQL: SELECT * FROM `tbk_menu` WHERE ( 1=1 and parentid=0 and  cid =0 and status=1 )  [ RunTime:0.0057s ]
SQL: SELECT * FROM `tbk_menu` WHERE ( 1=1 and parentid!=0 and  cid =0 and status=1 )  [ RunTime:0.0020s ]
NOTIC: [8] Undefined variable: sidebar D:\Apache\htdocs\tbk\Tbk\Home\Controller\BaseController.class.php 第 14 行.
SQL: SHOW COLUMNS FROM `tbk_options` [ RunTime:0.0062s ]
SQL: SELECT * FROM `tbk_options` WHERE ( autoload='yes' )  [ RunTime:0.0013s ]
SQL: SHOW COLUMNS FROM `tbk_tbkitem` [ RunTime:0.0074s ]
SQL: SELECT COUNT(*) AS tp_count FROM `tbk_tbkitem` LIMIT 1   [ RunTime:0.0008s ]
NOTIC: [8] Undefined variable: cwhere D:\Apache\htdocs\tbk\Tbk\Home\Controller\BaseController.class.php 第 60 行.
SQL: SELECT * FROM `tbk_tbkitem` LIMIT 0,12   [ RunTime:0.0013s ]
SQL: SHOW COLUMNS FROM `tbk_posts` [ RunTime:0.0056s ]
SQL: SELECT * FROM `tbk_posts` WHERE ( 1=1 and post_status='publish' and post_type='post' and post_date<now() ) ORDER BY comment_count desc LIMIT 5   [ RunTime:0.0010s ]
SQL: SELECT * FROM `tbk_posts` WHERE ( 1=1 and post_status='publish' and post_type='post' ) ORDER BY post_date desc LIMIT 5   [ RunTime:0.0011s ]
INFO: [ view_parse ] --START--
INFO: [ template_filter ] --START--
INFO: Run Behavior\ContentReplaceBehavior [ RunTime:0.000073s ]
INFO: [ template_filter ] --END-- [ RunTime:0.000177s ]
NOTIC: [8] Use of undefined constant option_value - assumed 'option_value' D:\Apache\htdocs\tbk\Tbk\Runtime\Cache\Home\31c734afd87e76df000e81f187e3e6be.php 第 15 行.
NOTIC: [8] Use of undefined constant option_value - assumed 'option_value' D:\Apache\htdocs\tbk\Tbk\Runtime\Cache\Home\31c734afd87e76df000e81f187e3e6be.php 第 16 行.
NOTIC: [8] Use of undefined constant option_value - assumed 'option_value' D:\Apache\htdocs\tbk\Tbk\Runtime\Cache\Home\31c734afd87e76df000e81f187e3e6be.php 第 17 行.
NOTIC: [8] Use of undefined constant option_value - assumed 'option_value' D:\Apache\htdocs\tbk\Tbk\Runtime\Cache\Home\31c734afd87e76df000e81f187e3e6be.php 第 31 行.
NOTIC: [8] Use of undefined constant option_value - assumed 'option_value' D:\Apache\htdocs\tbk\Tbk\Runtime\Cache\Home\31c734afd87e76df000e81f187e3e6be.php 第 32 行.
INFO: Run Behavior\ParseTemplateBehavior [ RunTime:0.020278s ]
INFO: [ view_parse ] --END-- [ RunTime:0.020405s ]
INFO: [ view_filter ] --START--
INFO: Run Behavior\WriteHtmlCacheBehavior [ RunTime:0.000665s ]
INFO: [ view_filter ] --END-- [ RunTime:0.000774s ]
INFO: [ app_end ] --START--
INFO: Run Behavior\ShowPageTraceBehavior [ RunTime:0.001696s ]
INFO: [ app_end ] --END-- [ RunTime:0.001836s ]

[ 2016-12-05T00:07:29+08:00 ] 127.0.0.1 /Tbk/
INFO: [ app_init ] --START--
INFO: Run Behavior\BuildLiteBehavior [ RunTime:0.000035s ]
INFO: [ app_init ] --END-- [ RunTime:0.000718s ]
INFO: [ app_begin ] --START--
INFO: Run Behavior\ReadHtmlCacheBehavior [ RunTime:0.001315s ]
INFO: [ app_begin ] --END-- [ RunTime:0.001752s ]
SQL: SHOW COLUMNS FROM `tbk_usermeta` [ RunTime:0.0060s ]
SQL: SELECT * FROM `tbk_usermeta` WHERE ( user_id=1 )  [ RunTime:0.0008s ]
NOTIC: [8] Undefined variable: userinfo D:\Apache\htdocs\tbk\Tbk\Home\Controller\BaseController.class.php 第 39 行.
SQL: SHOW COLUMNS FROM `tbk_menu` [ RunTime:0.0058s ]
SQL: SELECT * FROM `tbk_menu` WHERE ( 1=1 and parentid=0 and  cid =0 and status=1 )  [ RunTime:0.0006s ]
SQL: SELECT * FROM `tbk_menu` WHERE ( 1=1 and parentid!=0 and  cid =0 and status=1 )  [ RunTime:0.0008s ]
NOTIC: [8] Undefined variable: sidebar D:\Apache\htdocs\tbk\Tbk\Home\Controller\BaseController.class.php 第 14 行.
SQL: SHOW COLUMNS FROM `tbk_options` [ RunTime:0.0072s ]
SQL: SELECT * FROM `tbk_options` WHERE ( autoload='yes' )  [ RunTime:0.0008s ]
SQL: SHOW COLUMNS FROM `tbk_tbkitem` [ RunTime:0.0086s ]
SQL: SELECT COUNT(*) AS tp_count FROM `tbk_tbkitem` LIMIT 1   [ RunTime:0.0008s ]
NOTIC: [8] Undefined variable: cwhere D:\Apache\htdocs\tbk\Tbk\Home\Controller\BaseController.class.php 第 60 行.
SQL: SELECT * FROM `tbk_tbkitem` LIMIT 0,12   [ RunTime:0.0018s ]
SQL: SHOW COLUMNS FROM `tbk_posts` [ RunTime:0.0066s ]
SQL: SELECT * FROM `tbk_posts` WHERE ( 1=1 and post_status='publish' and post_type='post' and post_date<now() ) ORDER BY comment_count desc LIMIT 5   [ RunTime:0.0008s ]
SQL: SELECT * FROM `tbk_posts` WHERE ( 1=1 and post_status='publish' and post_type='post' ) ORDER BY post_date desc LIMIT 5   [ RunTime:0.0008s ]
INFO: [ view_parse ] --START--
INFO: [ template_filter ] --START--
INFO: Run Behavior\ContentReplaceBehavior [ RunTime:0.000068s ]
INFO: [ template_filter ] --END-- [ RunTime:0.000158s ]
NOTIC: [8] Use of undefined constant option_value - assumed 'option_value' D:\Apache\htdocs\tbk\Tbk\Runtime\Cache\Home\31c734afd87e76df000e81f187e3e6be.php 第 15 行.
NOTIC: [8] Use of undefined constant option_value - assumed 'option_value' D:\Apache\htdocs\tbk\Tbk\Runtime\Cache\Home\31c734afd87e76df000e81f187e3e6be.php 第 16 行.
NOTIC: [8] Use of undefined constant option_value - assumed 'option_value' D:\Apache\htdocs\tbk\Tbk\Runtime\Cache\Home\31c734afd87e76df000e81f187e3e6be.php 第 17 行.
NOTIC: [8] Use of undefined constant option_value - assumed 'option_value' D:\Apache\htdocs\tbk\Tbk\Runtime\Cache\Home\31c734afd87e76df000e81f187e3e6be.php 第 31 行.
NOTIC: [8] Use of undefined constant option_value - assumed 'option_value' D:\Apache\htdocs\tbk\Tbk\Runtime\Cache\Home\31c734afd87e76df000e81f187e3e6be.php 第 32 行.
INFO: Run Behavior\ParseTemplateBehavior [ RunTime:0.013880s ]
INFO: [ view_parse ] --END-- [ RunTime:0.013991s ]
INFO: [ view_filter ] --START--
INFO: Run Behavior\WriteHtmlCacheBehavior [ RunTime:0.000381s ]
INFO: [ view_filter ] --END-- [ RunTime:0.000469s ]
INFO: [ app_end ] --START--
INFO: Run Behavior\ShowPageTraceBehavior [ RunTime:0.001264s ]
INFO: [ app_end ] --END-- [ RunTime:0.001368s ]

[ 2016-12-05T00:07:32+08:00 ] 127.0.0.1 /Tbk/
INFO: [ app_init ] --START--
INFO: Run Behavior\BuildLiteBehavior [ RunTime:0.000095s ]
INFO: [ app_init ] --END-- [ RunTime:0.001064s ]
INFO: [ app_begin ] --START--
INFO: Run Behavior\ReadHtmlCacheBehavior [ RunTime:0.001252s ]
INFO: [ app_begin ] --END-- [ RunTime:0.001405s ]
SQL: SHOW COLUMNS FROM `tbk_usermeta` [ RunTime:0.0061s ]
SQL: SELECT * FROM `tbk_usermeta` WHERE ( user_id=1 )  [ RunTime:0.0006s ]
NOTIC: [8] Undefined variable: userinfo D:\Apache\htdocs\tbk\Tbk\Home\Controller\BaseController.class.php 第 39 行.
SQL: SHOW COLUMNS FROM `tbk_menu` [ RunTime:0.0062s ]
SQL: SELECT * FROM `tbk_menu` WHERE ( 1=1 and parentid=0 and  cid =0 and status=1 )  [ RunTime:0.0005s ]
SQL: SELECT * FROM `tbk_menu` WHERE ( 1=1 and parentid!=0 and  cid =0 and status=1 )  [ RunTime:0.0003s ]
NOTIC: [8] Undefined variable: sidebar D:\Apache\htdocs\tbk\Tbk\Home\Controller\BaseController.class.php 第 14 行.
SQL: SHOW COLUMNS FROM `tbk_options` [ RunTime:0.0051s ]
SQL: SELECT * FROM `tbk_options` WHERE ( autoload='yes' )  [ RunTime:0.0010s ]
SQL: SHOW COLUMNS FROM `tbk_tbkitem` [ RunTime:0.0086s ]
SQL: SELECT COUNT(*) AS tp_count FROM `tbk_tbkitem` LIMIT 1   [ RunTime:0.0009s ]
NOTIC: [8] Undefined variable: cwhere D:\Apache\htdocs\tbk\Tbk\Home\Controller\BaseController.class.php 第 60 行.
SQL: SELECT * FROM `tbk_tbkitem` LIMIT 0,12   [ RunTime:0.0012s ]
SQL: SHOW COLUMNS FROM `tbk_posts` [ RunTime:0.0080s ]
SQL: SELECT * FROM `tbk_posts` WHERE ( 1=1 and post_status='publish' and post_type='post' and post_date<now() ) ORDER BY comment_count desc LIMIT 5   [ RunTime:0.0010s ]
SQL: SELECT * FROM `tbk_posts` WHERE ( 1=1 and post_status='publish' and post_type='post' ) ORDER BY post_date desc LIMIT 5   [ RunTime:0.0007s ]
INFO: [ view_parse ] --START--
INFO: [ template_filter ] --START--
INFO: Run Behavior\ContentReplaceBehavior [ RunTime:0.000108s ]
INFO: [ template_filter ] --END-- [ RunTime:0.000256s ]
NOTIC: [8] Use of undefined constant option_value - assumed 'option_value' D:\Apache\htdocs\tbk\Tbk\Runtime\Cache\Home\31c734afd87e76df000e81f187e3e6be.php 第 15 行.
NOTIC: [8] Use of undefined constant option_value - assumed 'option_value' D:\Apache\htdocs\tbk\Tbk\Runtime\Cache\Home\31c734afd87e76df000e81f187e3e6be.php 第 16 行.
NOTIC: [8] Use of undefined constant option_value - assumed 'option_value' D:\Apache\htdocs\tbk\Tbk\Runtime\Cache\Home\31c734afd87e76df000e81f187e3e6be.php 第 17 行.
NOTIC: [8] Use of undefined constant option_value - assumed 'option_value' D:\Apache\htdocs\tbk\Tbk\Runtime\Cache\Home\31c734afd87e76df000e81f187e3e6be.php 第 31 行.
NOTIC: [8] Use of undefined constant option_value - assumed 'option_value' D:\Apache\htdocs\tbk\Tbk\Runtime\Cache\Home\31c734afd87e76df000e81f187e3e6be.php 第 32 行.
INFO: Run Behavior\ParseTemplateBehavior [ RunTime:0.019506s ]
INFO: [ view_parse ] --END-- [ RunTime:0.019623s ]
INFO: [ view_filter ] --START--
INFO: Run Behavior\WriteHtmlCacheBehavior [ RunTime:0.000913s ]
INFO: [ view_filter ] --END-- [ RunTime:0.001089s ]
INFO: [ app_end ] --START--
INFO: Run Behavior\ShowPageTraceBehavior [ RunTime:0.001627s ]
INFO: [ app_end ] --END-- [ RunTime:0.001850s ]

[ 2016-12-05T00:08:24+08:00 ] 127.0.0.1 /Tbk/
INFO: [ app_init ] --START--
INFO: Run Behavior\BuildLiteBehavior [ RunTime:0.000080s ]
INFO: [ app_init ] --END-- [ RunTime:0.002907s ]
INFO: [ app_begin ] --START--
INFO: Run Behavior\ReadHtmlCacheBehavior [ RunTime:0.001791s ]
INFO: [ app_begin ] --END-- [ RunTime:0.001954s ]
SQL: SHOW COLUMNS FROM `tbk_usermeta` [ RunTime:0.0069s ]
SQL: SELECT * FROM `tbk_usermeta` WHERE ( user_id=1 )  [ RunTime:0.0032s ]
NOTIC: [8] Undefined variable: userinfo D:\Apache\htdocs\tbk\Tbk\Home\Controller\BaseController.class.php 第 39 行.
SQL: SHOW COLUMNS FROM `tbk_menu` [ RunTime:0.0094s ]
SQL: SELECT * FROM `tbk_menu` WHERE ( 1=1 and parentid=0 and  cid =0 and status=1 )  [ RunTime:0.0014s ]
SQL: SELECT * FROM `tbk_menu` WHERE ( 1=1 and parentid!=0 and  cid =0 and status=1 )  [ RunTime:0.0008s ]
NOTIC: [8] Undefined variable: sidebar D:\Apache\htdocs\tbk\Tbk\Home\Controller\BaseController.class.php 第 14 行.
SQL: SHOW COLUMNS FROM `tbk_options` [ RunTime:0.0074s ]
SQL: SELECT * FROM `tbk_options` WHERE ( autoload='yes' )  [ RunTime:0.0012s ]
SQL: SHOW COLUMNS FROM `tbk_tbkitem` [ RunTime:0.0104s ]
SQL: SELECT COUNT(*) AS tp_count FROM `tbk_tbkitem` LIMIT 1   [ RunTime:0.0008s ]
NOTIC: [8] Undefined variable: cwhere D:\Apache\htdocs\tbk\Tbk\Home\Controller\BaseController.class.php 第 60 行.
SQL: SELECT * FROM `tbk_tbkitem` LIMIT 0,12   [ RunTime:0.0014s ]
SQL: SHOW COLUMNS FROM `tbk_posts` [ RunTime:0.0103s ]
SQL: SELECT * FROM `tbk_posts` WHERE ( 1=1 and post_status='publish' and post_type='post' and post_date<now() ) ORDER BY comment_count desc LIMIT 5   [ RunTime:0.0014s ]
SQL: SELECT * FROM `tbk_posts` WHERE ( 1=1 and post_status='publish' and post_type='post' ) ORDER BY post_date desc LIMIT 5   [ RunTime:0.0013s ]
INFO: [ view_parse ] --START--
INFO: [ template_filter ] --START--
INFO: Run Behavior\ContentReplaceBehavior [ RunTime:0.000111s ]
INFO: [ template_filter ] --END-- [ RunTime:0.000246s ]
NOTIC: [8] Use of undefined constant option_value - assumed 'option_value' D:\Apache\htdocs\tbk\Tbk\Runtime\Cache\Home\31c734afd87e76df000e81f187e3e6be.php 第 15 行.
NOTIC: [8] Use of undefined constant option_value - assumed 'option_value' D:\Apache\htdocs\tbk\Tbk\Runtime\Cache\Home\31c734afd87e76df000e81f187e3e6be.php 第 16 行.
NOTIC: [8] Use of undefined constant option_value - assumed 'option_value' D:\Apache\htdocs\tbk\Tbk\Runtime\Cache\Home\31c734afd87e76df000e81f187e3e6be.php 第 17 行.
NOTIC: [8] Use of undefined constant option_value - assumed 'option_value' D:\Apache\htdocs\tbk\Tbk\Runtime\Cache\Home\31c734afd87e76df000e81f187e3e6be.php 第 31 行.
NOTIC: [8] Use of undefined constant option_value - assumed 'option_value' D:\Apache\htdocs\tbk\Tbk\Runtime\Cache\Home\31c734afd87e76df000e81f187e3e6be.php 第 32 行.
INFO: Run Behavior\ParseTemplateBehavior [ RunTime:0.024577s ]
INFO: [ view_parse ] --END-- [ RunTime:0.024699s ]
INFO: [ view_filter ] --START--
INFO: Run Behavior\WriteHtmlCacheBehavior [ RunTime:0.000678s ]
INFO: [ view_filter ] --END-- [ RunTime:0.000782s ]
INFO: [ app_end ] --START--
INFO: Run Behavior\ShowPageTraceBehavior [ RunTime:0.003817s ]
INFO: [ app_end ] --END-- [ RunTime:0.004058s ]

[ 2016-12-05T00:08:50+08:00 ] 127.0.0.1 /Tbk/
INFO: [ app_init ] --START--
INFO: Run Behavior\BuildLiteBehavior [ RunTime:0.000026s ]
INFO: [ app_init ] --END-- [ RunTime:0.000691s ]
INFO: [ app_begin ] --START--
INFO: Run Behavior\ReadHtmlCacheBehavior [ RunTime:0.000924s ]
INFO: [ app_begin ] --END-- [ RunTime:0.001034s ]
SQL: SHOW COLUMNS FROM `tbk_usermeta` [ RunTime:0.0094s ]
SQL: SELECT * FROM `tbk_usermeta` WHERE ( user_id=1 )  [ RunTime:0.0007s ]
NOTIC: [8] Undefined variable: userinfo D:\Apache\htdocs\tbk\Tbk\Home\Controller\BaseController.class.php 第 39 行.
SQL: SHOW COLUMNS FROM `tbk_menu` [ RunTime:0.0053s ]
SQL: SELECT * FROM `tbk_menu` WHERE ( 1=1 and parentid=0 and  cid =0 and status=1 )  [ RunTime:0.0032s ]
SQL: SELECT * FROM `tbk_menu` WHERE ( 1=1 and parentid!=0 and  cid =0 and status=1 )  [ RunTime:0.0010s ]
NOTIC: [8] Undefined variable: sidebar D:\Apache\htdocs\tbk\Tbk\Home\Controller\BaseController.class.php 第 14 行.
SQL: SHOW COLUMNS FROM `tbk_options` [ RunTime:0.0054s ]
SQL: SELECT * FROM `tbk_options` WHERE ( autoload='yes' )  [ RunTime:0.0009s ]
SQL: SHOW COLUMNS FROM `tbk_tbkitem` [ RunTime:0.0079s ]
SQL: SELECT COUNT(*) AS tp_count FROM `tbk_tbkitem` LIMIT 1   [ RunTime:0.0007s ]
NOTIC: [8] Undefined variable: cwhere D:\Apache\htdocs\tbk\Tbk\Home\Controller\BaseController.class.php 第 60 行.
SQL: SELECT * FROM `tbk_tbkitem` LIMIT 0,12   [ RunTime:0.0013s ]
SQL: SHOW COLUMNS FROM `tbk_posts` [ RunTime:0.0060s ]
SQL: SELECT * FROM `tbk_posts` WHERE ( 1=1 and post_status='publish' and post_type='post' and post_date<now() ) ORDER BY comment_count desc LIMIT 5   [ RunTime:0.0010s ]
SQL: SELECT * FROM `tbk_posts` WHERE ( 1=1 and post_status='publish' and post_type='post' ) ORDER BY post_date desc LIMIT 5   [ RunTime:0.0025s ]
INFO: [ view_parse ] --START--
INFO: [ template_filter ] --START--
INFO: Run Behavior\ContentReplaceBehavior [ RunTime:0.000109s ]
INFO: [ template_filter ] --END-- [ RunTime:0.000253s ]
NOTIC: [8] Use of undefined constant option_value - assumed 'option_value' D:\Apache\htdocs\tbk\Tbk\Runtime\Cache\Home\31c734afd87e76df000e81f187e3e6be.php 第 15 行.
NOTIC: [8] Use of undefined constant option_value - assumed 'option_value' D:\Apache\htdocs\tbk\Tbk\Runtime\Cache\Home\31c734afd87e76df000e81f187e3e6be.php 第 16 行.
NOTIC: [8] Use of undefined constant option_value - assumed 'option_value' D:\Apache\htdocs\tbk\Tbk\Runtime\Cache\Home\31c734afd87e76df000e81f187e3e6be.php 第 17 行.
NOTIC: [8] Use of undefined constant option_value - assumed 'option_value' D:\Apache\htdocs\tbk\Tbk\Runtime\Cache\Home\31c734afd87e76df000e81f187e3e6be.php 第 31 行.
NOTIC: [8] Use of undefined constant option_value - assumed 'option_value' D:\Apache\htdocs\tbk\Tbk\Runtime\Cache\Home\31c734afd87e76df000e81f187e3e6be.php 第 32 行.
INFO: Run Behavior\ParseTemplateBehavior [ RunTime:0.019899s ]
INFO: [ view_parse ] --END-- [ RunTime:0.020023s ]
INFO: [ view_filter ] --START--
INFO: Run Behavior\WriteHtmlCacheBehavior [ RunTime:0.000705s ]
INFO: [ view_filter ] --END-- [ RunTime:0.000820s ]
INFO: [ app_end ] --START--
INFO: Run Behavior\ShowPageTraceBehavior [ RunTime:0.001629s ]
INFO: [ app_end ] --END-- [ RunTime:0.001773s ]

[ 2016-12-05T00:09:20+08:00 ] 127.0.0.1 /Tbk/
INFO: [ app_init ] --START--
INFO: Run Behavior\BuildLiteBehavior [ RunTime:0.000050s ]
INFO: [ app_init ] --END-- [ RunTime:0.002488s ]
INFO: [ app_begin ] --START--
INFO: Run Behavior\ReadHtmlCacheBehavior [ RunTime:0.001118s ]
INFO: [ app_begin ] --END-- [ RunTime:0.001260s ]
SQL: SHOW COLUMNS FROM `tbk_usermeta` [ RunTime:0.0064s ]
SQL: SELECT * FROM `tbk_usermeta` WHERE ( user_id=1 )  [ RunTime:0.0033s ]
NOTIC: [8] Undefined variable: userinfo D:\Apache\htdocs\tbk\Tbk\Home\Controller\BaseController.class.php 第 39 行.
SQL: SHOW COLUMNS FROM `tbk_menu` [ RunTime:0.0066s ]
SQL: SELECT * FROM `tbk_menu` WHERE ( 1=1 and parentid=0 and  cid =0 and status=1 )  [ RunTime:0.0009s ]
SQL: SELECT * FROM `tbk_menu` WHERE ( 1=1 and parentid!=0 and  cid =0 and status=1 )  [ RunTime:0.0007s ]
NOTIC: [8] Undefined variable: sidebar D:\Apache\htdocs\tbk\Tbk\Home\Controller\BaseController.class.php 第 14 行.
SQL: SHOW COLUMNS FROM `tbk_options` [ RunTime:0.0084s ]
SQL: SELECT * FROM `tbk_options` WHERE ( autoload='yes' )  [ RunTime:0.0010s ]
SQL: SHOW COLUMNS FROM `tbk_tbkitem` [ RunTime:0.0068s ]
SQL: SELECT COUNT(*) AS tp_count FROM `tbk_tbkitem` LIMIT 1   [ RunTime:0.0017s ]
NOTIC: [8] Undefined variable: cwhere D:\Apache\htdocs\tbk\Tbk\Home\Controller\BaseController.class.php 第 60 行.
SQL: SELECT * FROM `tbk_tbkitem` LIMIT 0,12   [ RunTime:0.0015s ]
SQL: SHOW COLUMNS FROM `tbk_posts` [ RunTime:0.0065s ]
SQL: SELECT * FROM `tbk_posts` WHERE ( 1=1 and post_status='publish' and post_type='post' and post_date<now() ) ORDER BY comment_count desc LIMIT 5   [ RunTime:0.0011s ]
SQL: SELECT * FROM `tbk_posts` WHERE ( 1=1 and post_status='publish' and post_type='post' ) ORDER BY post_date desc LIMIT 5   [ RunTime:0.0009s ]
INFO: [ view_parse ] --START--
INFO: [ template_filter ] --START--
INFO: Run Behavior\ContentReplaceBehavior [ RunTime:0.000108s ]
INFO: [ template_filter ] --END-- [ RunTime:0.000245s ]
NOTIC: [8] Use of undefined constant option_value - assumed 'option_value' D:\Apache\htdocs\tbk\Tbk\Runtime\Cache\Home\31c734afd87e76df000e81f187e3e6be.php 第 15 行.
NOTIC: [8] Use of undefined constant option_value - assumed 'option_value' D:\Apache\htdocs\tbk\Tbk\Runtime\Cache\Home\31c734afd87e76df000e81f187e3e6be.php 第 16 行.
NOTIC: [8] Use of undefined constant option_value - assumed 'option_value' D:\Apache\htdocs\tbk\Tbk\Runtime\Cache\Home\31c734afd87e76df000e81f187e3e6be.php 第 17 行.
NOTIC: [8] Use of undefined constant option_value - assumed 'option_value' D:\Apache\htdocs\tbk\Tbk\Runtime\Cache\Home\31c734afd87e76df000e81f187e3e6be.php 第 31 行.
NOTIC: [8] Use of undefined constant option_value - assumed 'option_value' D:\Apache\htdocs\tbk\Tbk\Runtime\Cache\Home\31c734afd87e76df000e81f187e3e6be.php 第 32 行.
INFO: Run Behavior\ParseTemplateBehavior [ RunTime:0.023547s ]
INFO: [ view_parse ] --END-- [ RunTime:0.023675s ]
INFO: [ view_filter ] --START--
INFO: Run Behavior\WriteHtmlCacheBehavior [ RunTime:0.000577s ]
INFO: [ view_filter ] --END-- [ RunTime:0.000682s ]
INFO: [ app_end ] --START--
INFO: Run Behavior\ShowPageTraceBehavior [ RunTime:0.001683s ]
INFO: [ app_end ] --END-- [ RunTime:0.001845s ]

[ 2016-12-05T00:09:24+08:00 ] 127.0.0.1 /Tbk/
INFO: [ app_init ] --START--
INFO: Run Behavior\BuildLiteBehavior [ RunTime:0.000034s ]
INFO: [ app_init ] --END-- [ RunTime:0.000695s ]
INFO: [ app_begin ] --START--
INFO: Run Behavior\ReadHtmlCacheBehavior [ RunTime:0.001493s ]
INFO: [ app_begin ] --END-- [ RunTime:0.001655s ]
SQL: SHOW COLUMNS FROM `tbk_usermeta` [ RunTime:0.0063s ]
SQL: SELECT * FROM `tbk_usermeta` WHERE ( user_id=1 )  [ RunTime:0.0005s ]
NOTIC: [8] Undefined variable: userinfo D:\Apache\htdocs\tbk\Tbk\Home\Controller\BaseController.class.php 第 39 行.
SQL: SHOW COLUMNS FROM `tbk_menu` [ RunTime:0.0058s ]
SQL: SELECT * FROM `tbk_menu` WHERE ( 1=1 and parentid=0 and  cid =0 and status=1 )  [ RunTime:0.0007s ]
SQL: SELECT * FROM `tbk_menu` WHERE ( 1=1 and parentid!=0 and  cid =0 and status=1 )  [ RunTime:0.0006s ]
NOTIC: [8] Undefined variable: sidebar D:\Apache\htdocs\tbk\Tbk\Home\Controller\BaseController.class.php 第 14 行.
SQL: SHOW COLUMNS FROM `tbk_options` [ RunTime:0.0055s ]
SQL: SELECT * FROM `tbk_options` WHERE ( autoload='yes' )  [ RunTime:0.0028s ]
SQL: SHOW COLUMNS FROM `tbk_tbkitem` [ RunTime:0.0058s ]
SQL: SELECT COUNT(*) AS tp_count FROM `tbk_tbkitem` LIMIT 1   [ RunTime:0.0005s ]
NOTIC: [8] Undefined variable: cwhere D:\Apache\htdocs\tbk\Tbk\Home\Controller\BaseController.class.php 第 60 行.
SQL: SELECT * FROM `tbk_tbkitem` LIMIT 0,12   [ RunTime:0.0010s ]
SQL: SHOW COLUMNS FROM `tbk_posts` [ RunTime:0.0055s ]
SQL: SELECT * FROM `tbk_posts` WHERE ( 1=1 and post_status='publish' and post_type='post' and post_date<now() ) ORDER BY comment_count desc LIMIT 5   [ RunTime:0.0009s ]
SQL: SELECT * FROM `tbk_posts` WHERE ( 1=1 and post_status='publish' and post_type='post' ) ORDER BY post_date desc LIMIT 5   [ RunTime:0.0004s ]
INFO: [ view_parse ] --START--
INFO: [ template_filter ] --START--
INFO: Run Behavior\ContentReplaceBehavior [ RunTime:0.000085s ]
INFO: [ template_filter ] --END-- [ RunTime:0.000216s ]
NOTIC: [8] Use of undefined constant option_value - assumed 'option_value' D:\Apache\htdocs\tbk\Tbk\Runtime\Cache\Home\31c734afd87e76df000e81f187e3e6be.php 第 15 行.
NOTIC: [8] Use of undefined constant option_value - assumed 'option_value' D:\Apache\htdocs\tbk\Tbk\Runtime\Cache\Home\31c734afd87e76df000e81f187e3e6be.php 第 16 行.
NOTIC: [8] Use of undefined constant option_value - assumed 'option_value' D:\Apache\htdocs\tbk\Tbk\Runtime\Cache\Home\31c734afd87e76df000e81f187e3e6be.php 第 17 行.
NOTIC: [8] Use of undefined constant option_value - assumed 'option_value' D:\Apache\htdocs\tbk\Tbk\Runtime\Cache\Home\31c734afd87e76df000e81f187e3e6be.php 第 31 行.
NOTIC: [8] Use of undefined constant option_value - assumed 'option_value' D:\Apache\htdocs\tbk\Tbk\Runtime\Cache\Home\31c734afd87e76df000e81f187e3e6be.php 第 32 行.
INFO: Run Behavior\ParseTemplateBehavior [ RunTime:0.017212s ]
INFO: [ view_parse ] --END-- [ RunTime:0.017323s ]
INFO: [ view_filter ] --START--
INFO: Run Behavior\WriteHtmlCacheBehavior [ RunTime:0.000492s ]
INFO: [ view_filter ] --END-- [ RunTime:0.000596s ]
INFO: [ app_end ] --START--
INFO: Run Behavior\ShowPageTraceBehavior [ RunTime:0.001317s ]
INFO: [ app_end ] --END-- [ RunTime:0.001436s ]

[ 2016-12-05T00:09:52+08:00 ] 127.0.0.1 /Tbk/
INFO: [ app_init ] --START--
INFO: Run Behavior\BuildLiteBehavior [ RunTime:0.000033s ]
INFO: [ app_init ] --END-- [ RunTime:0.000851s ]
INFO: [ app_begin ] --START--
INFO: Run Behavior\ReadHtmlCacheBehavior [ RunTime:0.001157s ]
INFO: [ app_begin ] --END-- [ RunTime:0.001277s ]
SQL: SHOW COLUMNS FROM `tbk_usermeta` [ RunTime:0.0060s ]
SQL: SELECT * FROM `tbk_usermeta` WHERE ( user_id=1 )  [ RunTime:0.0011s ]
NOTIC: [8] Undefined variable: userinfo D:\Apache\htdocs\tbk\Tbk\Home\Controller\BaseController.class.php 第 39 行.
SQL: SHOW COLUMNS FROM `tbk_menu` [ RunTime:0.0047s ]
SQL: SELECT * FROM `tbk_menu` WHERE ( 1=1 and parentid=0 and  cid =0 and status=1 )  [ RunTime:0.0007s ]
SQL: SELECT * FROM `tbk_menu` WHERE ( 1=1 and parentid!=0 and  cid =0 and status=1 )  [ RunTime:0.0010s ]
NOTIC: [8] Undefined variable: sidebar D:\Apache\htdocs\tbk\Tbk\Home\Controller\BaseController.class.php 第 14 行.
SQL: SHOW COLUMNS FROM `tbk_options` [ RunTime:0.0075s ]
SQL: SELECT * FROM `tbk_options` WHERE ( autoload='yes' )  [ RunTime:0.0014s ]
SQL: SHOW COLUMNS FROM `tbk_tbkitem` [ RunTime:0.0068s ]
SQL: SELECT COUNT(*) AS tp_count FROM `tbk_tbkitem` LIMIT 1   [ RunTime:0.0006s ]
NOTIC: [8] Undefined variable: cwhere D:\Apache\htdocs\tbk\Tbk\Home\Controller\BaseController.class.php 第 60 行.
SQL: SELECT * FROM `tbk_tbkitem` LIMIT 0,12   [ RunTime:0.0020s ]
SQL: SHOW COLUMNS FROM `tbk_posts` [ RunTime:0.0063s ]
SQL: SELECT * FROM `tbk_posts` WHERE ( 1=1 and post_status='publish' and post_type='post' and post_date<now() ) ORDER BY comment_count desc LIMIT 5   [ RunTime:0.0014s ]
SQL: SELECT * FROM `tbk_posts` WHERE ( 1=1 and post_status='publish' and post_type='post' ) ORDER BY post_date desc LIMIT 5   [ RunTime:0.0012s ]
INFO: [ view_parse ] --START--
INFO: [ template_filter ] --START--
INFO: Run Behavior\ContentReplaceBehavior [ RunTime:0.000109s ]
INFO: [ template_filter ] --END-- [ RunTime:0.000243s ]
NOTIC: [8] Use of undefined constant option_value - assumed 'option_value' D:\Apache\htdocs\tbk\Tbk\Runtime\Cache\Home\31c734afd87e76df000e81f187e3e6be.php 第 15 行.
NOTIC: [8] Use of undefined constant option_value - assumed 'option_value' D:\Apache\htdocs\tbk\Tbk\Runtime\Cache\Home\31c734afd87e76df000e81f187e3e6be.php 第 16 行.
NOTIC: [8] Use of undefined constant option_value - assumed 'option_value' D:\Apache\htdocs\tbk\Tbk\Runtime\Cache\Home\31c734afd87e76df000e81f187e3e6be.php 第 17 行.
NOTIC: [8] Use of undefined constant option_value - assumed 'option_value' D:\Apache\htdocs\tbk\Tbk\Runtime\Cache\Home\31c734afd87e76df000e81f187e3e6be.php 第 31 行.
NOTIC: [8] Use of undefined constant option_value - assumed 'option_value' D:\Apache\htdocs\tbk\Tbk\Runtime\Cache\Home\31c734afd87e76df000e81f187e3e6be.php 第 32 行.
INFO: Run Behavior\ParseTemplateBehavior [ RunTime:0.020153s ]
INFO: [ view_parse ] --END-- [ RunTime:0.020304s ]
INFO: [ view_filter ] --START--
INFO: Run Behavior\WriteHtmlCacheBehavior [ RunTime:0.000476s ]
INFO: [ view_filter ] --END-- [ RunTime:0.000568s ]
INFO: [ app_end ] --START--
INFO: Run Behavior\ShowPageTraceBehavior [ RunTime:0.001202s ]
INFO: [ app_end ] --END-- [ RunTime:0.001296s ]

