[ 2016-12-07T00:46:20+08:00 ] 127.0.0.1 /Tbk/
INFO: [ app_init ] --START--
INFO: Run Behavior\BuildLiteBehavior [ RunTime:0.000046s ]
INFO: [ app_init ] --END-- [ RunTime:0.036768s ]
INFO: [ app_begin ] --START--
INFO: Run Behavior\ReadHtmlCacheBehavior [ RunTime:0.016879s ]
INFO: [ app_begin ] --END-- [ RunTime:0.017066s ]
SQL: SHOW COLUMNS FROM `tbk_usermeta` [ RunTime:0.0536s ]
NOTIC: [8] Undefined index: wodai D:\Apache\htdocs\tbk\Tbk\Home\Controller\BaseController.class.php 第 32 行.
SQL: SHOW COLUMNS FROM `tbk_menu` [ RunTime:0.0061s ]
SQL: SELECT * FROM `tbk_menu` WHERE ( 1=1 and parentid=0 and  cid =0 and status=1 )  [ RunTime:0.0006s ]
SQL: SELECT * FROM `tbk_menu` WHERE ( 1=1 and parentid!=0 and  cid =0 and status=1 )  [ RunTime:0.0004s ]
NOTIC: [8] Undefined variable: v1 D:\Apache\htdocs\tbk\Tbk\Home\Controller\BaseController.class.php 第 14 行.
NOTIC: [8] Undefined variable: sidebar D:\Apache\htdocs\tbk\Tbk\Home\Controller\BaseController.class.php 第 14 行.
NOTIC: [8] Undefined variable: v1 D:\Apache\htdocs\tbk\Tbk\Home\Controller\BaseController.class.php 第 14 行.
NOTIC: [8] Undefined variable: v1 D:\Apache\htdocs\tbk\Tbk\Home\Controller\BaseController.class.php 第 14 行.
SQL: SHOW COLUMNS FROM `tbk_options` [ RunTime:0.0520s ]
SQL: SELECT * FROM `tbk_options` WHERE ( autoload='yes' )  [ RunTime:0.0015s ]
SQL: SHOW COLUMNS FROM `tbk_tbkitem` [ RunTime:0.0271s ]
SQL: SELECT COUNT(*) AS tp_count FROM `tbk_tbkitem` LIMIT 1   [ RunTime:0.0210s ]
NOTIC: [8] Undefined variable: cwhere D:\Apache\htdocs\tbk\Tbk\Home\Controller\BaseController.class.php 第 62 行.
SQL: SELECT * FROM `tbk_tbkitem` LIMIT 0,12   [ RunTime:0.0398s ]
SQL: SHOW COLUMNS FROM `tbk_posts` [ RunTime:0.0650s ]
SQL: SELECT * FROM `tbk_posts` WHERE ( 1=1 and post_status='publish' and post_type='post' and post_date<now() ) ORDER BY comment_count desc LIMIT 5   [ RunTime:0.0017s ]
SQL: SELECT * FROM `tbk_posts` WHERE ( 1=1 and post_status='publish' and post_type='post' ) ORDER BY post_date desc LIMIT 5   [ RunTime:0.0060s ]
INFO: [ view_parse ] --START--
INFO: [ template_filter ] --START--
INFO: Run Behavior\ContentReplaceBehavior [ RunTime:0.000112s ]
INFO: [ template_filter ] --END-- [ RunTime:0.000261s ]
NOTIC: [8] Use of undefined constant option_value - assumed 'option_value' D:\Apache\htdocs\tbk\Tbk\Runtime\Cache\Home\31c734afd87e76df000e81f187e3e6be.php 第 15 行.
NOTIC: [8] Use of undefined constant option_value - assumed 'option_value' D:\Apache\htdocs\tbk\Tbk\Runtime\Cache\Home\31c734afd87e76df000e81f187e3e6be.php 第 16 行.
NOTIC: [8] Use of undefined constant option_value - assumed 'option_value' D:\Apache\htdocs\tbk\Tbk\Runtime\Cache\Home\31c734afd87e76df000e81f187e3e6be.php 第 17 行.
NOTIC: [8] Use of undefined constant option_value - assumed 'option_value' D:\Apache\htdocs\tbk\Tbk\Runtime\Cache\Home\31c734afd87e76df000e81f187e3e6be.php 第 31 行.
NOTIC: [8] Use of undefined constant option_value - assumed 'option_value' D:\Apache\htdocs\tbk\Tbk\Runtime\Cache\Home\31c734afd87e76df000e81f187e3e6be.php 第 32 行.
INFO: Run Behavior\ParseTemplateBehavior [ RunTime:0.115356s ]
INFO: [ view_parse ] --END-- [ RunTime:0.115504s ]
INFO: [ view_filter ] --START--
INFO: Run Behavior\WriteHtmlCacheBehavior [ RunTime:0.029573s ]
INFO: [ view_filter ] --END-- [ RunTime:0.029690s ]
INFO: [ app_end ] --START--
INFO: Run Behavior\ShowPageTraceBehavior [ RunTime:0.008552s ]
INFO: [ app_end ] --END-- [ RunTime:0.016850s ]

[ 2016-12-07T00:47:42+08:00 ] 127.0.0.1 /Tbk/
INFO: [ app_init ] --START--
INFO: Run Behavior\BuildLiteBehavior [ RunTime:0.000045s ]
INFO: [ app_init ] --END-- [ RunTime:0.000849s ]
INFO: [ app_begin ] --START--
INFO: Run Behavior\ReadHtmlCacheBehavior [ RunTime:0.003767s ]
INFO: [ app_begin ] --END-- [ RunTime:0.003940s ]
SQL: SHOW COLUMNS FROM `tbk_usermeta` [ RunTime:0.0064s ]
NOTIC: [8] Undefined index: wodai D:\Apache\htdocs\tbk\Tbk\Home\Controller\BaseController.class.php 第 32 行.
SQL: SHOW COLUMNS FROM `tbk_menu` [ RunTime:0.0078s ]
SQL: SELECT * FROM `tbk_menu` WHERE ( 1=1 and parentid=0 and  cid =0 and status=1 )  [ RunTime:0.0008s ]
SQL: SELECT * FROM `tbk_menu` WHERE ( 1=1 and parentid!=0 and  cid =0 and status=1 )  [ RunTime:0.0025s ]
NOTIC: [8] Undefined variable: sidebar D:\Apache\htdocs\tbk\Tbk\Home\Controller\BaseController.class.php 第 14 行.
SQL: SHOW COLUMNS FROM `tbk_options` [ RunTime:0.0054s ]
SQL: SELECT * FROM `tbk_options` WHERE ( autoload='yes' )  [ RunTime:0.0007s ]
SQL: SHOW COLUMNS FROM `tbk_tbkitem` [ RunTime:0.0079s ]
SQL: SELECT COUNT(*) AS tp_count FROM `tbk_tbkitem` LIMIT 1   [ RunTime:0.0008s ]
NOTIC: [8] Undefined variable: cwhere D:\Apache\htdocs\tbk\Tbk\Home\Controller\BaseController.class.php 第 62 行.
SQL: SELECT * FROM `tbk_tbkitem` LIMIT 0,12   [ RunTime:0.0018s ]
SQL: SHOW COLUMNS FROM `tbk_posts` [ RunTime:0.0057s ]
SQL: SELECT * FROM `tbk_posts` WHERE ( 1=1 and post_status='publish' and post_type='post' and post_date<now() ) ORDER BY comment_count desc LIMIT 5   [ RunTime:0.0017s ]
SQL: SELECT * FROM `tbk_posts` WHERE ( 1=1 and post_status='publish' and post_type='post' ) ORDER BY post_date desc LIMIT 5   [ RunTime:0.0010s ]
INFO: [ view_parse ] --START--
INFO: [ template_filter ] --START--
INFO: Run Behavior\ContentReplaceBehavior [ RunTime:0.000104s ]
INFO: [ template_filter ] --END-- [ RunTime:0.000245s ]
NOTIC: [8] Use of undefined constant option_value - assumed 'option_value' D:\Apache\htdocs\tbk\Tbk\Runtime\Cache\Home\31c734afd87e76df000e81f187e3e6be.php 第 15 行.
NOTIC: [8] Use of undefined constant option_value - assumed 'option_value' D:\Apache\htdocs\tbk\Tbk\Runtime\Cache\Home\31c734afd87e76df000e81f187e3e6be.php 第 16 行.
NOTIC: [8] Use of undefined constant option_value - assumed 'option_value' D:\Apache\htdocs\tbk\Tbk\Runtime\Cache\Home\31c734afd87e76df000e81f187e3e6be.php 第 17 行.
NOTIC: [8] Use of undefined constant option_value - assumed 'option_value' D:\Apache\htdocs\tbk\Tbk\Runtime\Cache\Home\31c734afd87e76df000e81f187e3e6be.php 第 31 行.
NOTIC: [8] Use of undefined constant option_value - assumed 'option_value' D:\Apache\htdocs\tbk\Tbk\Runtime\Cache\Home\31c734afd87e76df000e81f187e3e6be.php 第 32 行.
INFO: Run Behavior\ParseTemplateBehavior [ RunTime:0.022373s ]
INFO: [ view_parse ] --END-- [ RunTime:0.022533s ]
INFO: [ view_filter ] --START--
INFO: Run Behavior\WriteHtmlCacheBehavior [ RunTime:0.000887s ]
INFO: [ view_filter ] --END-- [ RunTime:0.001017s ]
INFO: [ app_end ] --START--
INFO: Run Behavior\ShowPageTraceBehavior [ RunTime:0.001675s ]
INFO: [ app_end ] --END-- [ RunTime:0.001832s ]

[ 2016-12-07T00:59:24+08:00 ] 127.0.0.1 /Tbk/
INFO: [ app_init ] --START--
INFO: Run Behavior\BuildLiteBehavior [ RunTime:0.000042s ]
INFO: [ app_init ] --END-- [ RunTime:0.001587s ]
INFO: [ app_begin ] --START--
INFO: Run Behavior\ReadHtmlCacheBehavior [ RunTime:0.000890s ]
INFO: [ app_begin ] --END-- [ RunTime:0.000998s ]
SQL: SHOW COLUMNS FROM `tbk_usermeta` [ RunTime:0.0057s ]
NOTIC: [8] Undefined index: wodai D:\Apache\htdocs\tbk\Tbk\Home\Controller\BaseController.class.php 第 32 行.
SQL: SHOW COLUMNS FROM `tbk_menu` [ RunTime:0.0063s ]
SQL: SELECT * FROM `tbk_menu` WHERE ( 1=1 and parentid=0 and  cid =0 and status=1 )  [ RunTime:0.0014s ]
SQL: SELECT * FROM `tbk_menu` WHERE ( 1=1 and parentid!=0 and  cid =0 and status=1 )  [ RunTime:0.0009s ]
NOTIC: [8] Undefined variable: sidebar D:\Apache\htdocs\tbk\Tbk\Home\Controller\BaseController.class.php 第 14 行.
SQL: SHOW COLUMNS FROM `tbk_options` [ RunTime:0.0060s ]
SQL: SELECT * FROM `tbk_options` WHERE ( autoload='yes' )  [ RunTime:0.0007s ]
SQL: SHOW COLUMNS FROM `tbk_tbkitem` [ RunTime:0.0070s ]
SQL: SELECT COUNT(*) AS tp_count FROM `tbk_tbkitem` LIMIT 1   [ RunTime:0.0006s ]
NOTIC: [8] Undefined variable: cwhere D:\Apache\htdocs\tbk\Tbk\Home\Controller\BaseController.class.php 第 62 行.
SQL: SELECT * FROM `tbk_tbkitem` LIMIT 0,12   [ RunTime:0.0012s ]
SQL: SHOW COLUMNS FROM `tbk_posts` [ RunTime:0.0078s ]
SQL: SELECT * FROM `tbk_posts` WHERE ( 1=1 and post_status='publish' and post_type='post' and post_date<now() ) ORDER BY comment_count desc LIMIT 5   [ RunTime:0.0012s ]
SQL: SELECT * FROM `tbk_posts` WHERE ( 1=1 and post_status='publish' and post_type='post' ) ORDER BY post_date desc LIMIT 5   [ RunTime:0.0010s ]
INFO: [ view_parse ] --START--
INFO: [ template_filter ] --START--
INFO: Run Behavior\ContentReplaceBehavior [ RunTime:0.000112s ]
INFO: [ template_filter ] --END-- [ RunTime:0.000257s ]
NOTIC: [8] Use of undefined constant option_value - assumed 'option_value' D:\Apache\htdocs\tbk\Tbk\Runtime\Cache\Home\31c734afd87e76df000e81f187e3e6be.php 第 15 行.
NOTIC: [8] Use of undefined constant option_value - assumed 'option_value' D:\Apache\htdocs\tbk\Tbk\Runtime\Cache\Home\31c734afd87e76df000e81f187e3e6be.php 第 16 行.
NOTIC: [8] Use of undefined constant option_value - assumed 'option_value' D:\Apache\htdocs\tbk\Tbk\Runtime\Cache\Home\31c734afd87e76df000e81f187e3e6be.php 第 17 行.
NOTIC: [8] Use of undefined constant option_value - assumed 'option_value' D:\Apache\htdocs\tbk\Tbk\Runtime\Cache\Home\31c734afd87e76df000e81f187e3e6be.php 第 31 行.
NOTIC: [8] Use of undefined constant option_value - assumed 'option_value' D:\Apache\htdocs\tbk\Tbk\Runtime\Cache\Home\31c734afd87e76df000e81f187e3e6be.php 第 32 行.
INFO: Run Behavior\ParseTemplateBehavior [ RunTime:0.023716s ]
INFO: [ view_parse ] --END-- [ RunTime:0.023844s ]
INFO: [ view_filter ] --START--
INFO: Run Behavior\WriteHtmlCacheBehavior [ RunTime:0.001229s ]
INFO: [ view_filter ] --END-- [ RunTime:0.001383s ]
INFO: [ app_end ] --START--
INFO: Run Behavior\ShowPageTraceBehavior [ RunTime:0.001630s ]
INFO: [ app_end ] --END-- [ RunTime:0.002185s ]

[ 2016-12-07T01:00:23+08:00 ] 127.0.0.1 /Tbk/
INFO: [ app_init ] --START--
INFO: Run Behavior\BuildLiteBehavior [ RunTime:0.000037s ]
INFO: [ app_init ] --END-- [ RunTime:0.000721s ]
INFO: [ app_begin ] --START--
INFO: Run Behavior\ReadHtmlCacheBehavior [ RunTime:0.001457s ]
INFO: [ app_begin ] --END-- [ RunTime:0.001614s ]
SQL: SHOW COLUMNS FROM `tbk_usermeta` [ RunTime:0.0047s ]
NOTIC: [8] Undefined index: wodai D:\Apache\htdocs\tbk\Tbk\Home\Controller\BaseController.class.php 第 32 行.
SQL: SHOW COLUMNS FROM `tbk_menu` [ RunTime:0.0056s ]
SQL: SELECT * FROM `tbk_menu` WHERE ( 1=1 and parentid=0 and  cid =0 and status=1 )  [ RunTime:0.0011s ]
SQL: SELECT * FROM `tbk_menu` WHERE ( 1=1 and parentid!=0 and  cid =0 and status=1 )  [ RunTime:0.0009s ]
NOTIC: [8] Undefined variable: sidebar D:\Apache\htdocs\tbk\Tbk\Home\Controller\BaseController.class.php 第 14 行.
SQL: SHOW COLUMNS FROM `tbk_options` [ RunTime:0.0120s ]
SQL: SELECT * FROM `tbk_options` WHERE ( autoload='yes' )  [ RunTime:0.0009s ]
SQL: SHOW COLUMNS FROM `tbk_tbkitem` [ RunTime:0.0062s ]
SQL: SELECT COUNT(*) AS tp_count FROM `tbk_tbkitem` LIMIT 1   [ RunTime:0.0007s ]
NOTIC: [8] Undefined variable: cwhere D:\Apache\htdocs\tbk\Tbk\Home\Controller\BaseController.class.php 第 62 行.
SQL: SELECT * FROM `tbk_tbkitem` LIMIT 0,12   [ RunTime:0.0009s ]
SQL: SHOW COLUMNS FROM `tbk_posts` [ RunTime:0.0049s ]
SQL: SELECT * FROM `tbk_posts` WHERE ( 1=1 and post_status='publish' and post_type='post' and post_date<now() ) ORDER BY comment_count desc LIMIT 5   [ RunTime:0.0023s ]
SQL: SELECT * FROM `tbk_posts` WHERE ( 1=1 and post_status='publish' and post_type='post' ) ORDER BY post_date desc LIMIT 5   [ RunTime:0.0010s ]
INFO: [ view_parse ] --START--
INFO: [ template_filter ] --START--
INFO: Run Behavior\ContentReplaceBehavior [ RunTime:0.000106s ]
INFO: [ template_filter ] --END-- [ RunTime:0.000240s ]
NOTIC: [8] Use of undefined constant option_value - assumed 'option_value' D:\Apache\htdocs\tbk\Tbk\Runtime\Cache\Home\31c734afd87e76df000e81f187e3e6be.php 第 15 行.
NOTIC: [8] Use of undefined constant option_value - assumed 'option_value' D:\Apache\htdocs\tbk\Tbk\Runtime\Cache\Home\31c734afd87e76df000e81f187e3e6be.php 第 16 行.
NOTIC: [8] Use of undefined constant option_value - assumed 'option_value' D:\Apache\htdocs\tbk\Tbk\Runtime\Cache\Home\31c734afd87e76df000e81f187e3e6be.php 第 17 行.
NOTIC: [8] Use of undefined constant option_value - assumed 'option_value' D:\Apache\htdocs\tbk\Tbk\Runtime\Cache\Home\31c734afd87e76df000e81f187e3e6be.php 第 31 行.
NOTIC: [8] Use of undefined constant option_value - assumed 'option_value' D:\Apache\htdocs\tbk\Tbk\Runtime\Cache\Home\31c734afd87e76df000e81f187e3e6be.php 第 32 行.
INFO: Run Behavior\ParseTemplateBehavior [ RunTime:0.023539s ]
INFO: [ view_parse ] --END-- [ RunTime:0.023661s ]
INFO: [ view_filter ] --START--
INFO: Run Behavior\WriteHtmlCacheBehavior [ RunTime:0.000524s ]
INFO: [ view_filter ] --END-- [ RunTime:0.000623s ]
INFO: [ app_end ] --START--
INFO: Run Behavior\ShowPageTraceBehavior [ RunTime:0.001793s ]
INFO: [ app_end ] --END-- [ RunTime:0.002202s ]

[ 2016-12-07T01:01:43+08:00 ] 127.0.0.1 /Tbk/
INFO: [ app_init ] --START--
INFO: Run Behavior\BuildLiteBehavior [ RunTime:0.000028s ]
INFO: [ app_init ] --END-- [ RunTime:0.001151s ]
INFO: [ app_begin ] --START--
INFO: Run Behavior\ReadHtmlCacheBehavior [ RunTime:0.001582s ]
INFO: [ app_begin ] --END-- [ RunTime:0.001711s ]
SQL: SHOW COLUMNS FROM `tbk_usermeta` [ RunTime:0.0069s ]
NOTIC: [8] Undefined index: wodai D:\Apache\htdocs\tbk\Tbk\Home\Controller\BaseController.class.php 第 32 行.
SQL: SHOW COLUMNS FROM `tbk_menu` [ RunTime:0.0060s ]
SQL: SELECT * FROM `tbk_menu` WHERE ( 1=1 and parentid=0 and  cid =0 and status=1 )  [ RunTime:0.0008s ]
SQL: SELECT * FROM `tbk_menu` WHERE ( 1=1 and parentid!=0 and  cid =0 and status=1 )  [ RunTime:0.0008s ]
NOTIC: [8] Undefined variable: sidebar D:\Apache\htdocs\tbk\Tbk\Home\Controller\BaseController.class.php 第 14 行.
SQL: SHOW COLUMNS FROM `tbk_options` [ RunTime:0.0083s ]
SQL: SELECT * FROM `tbk_options` WHERE ( autoload='yes' )  [ RunTime:0.0010s ]
SQL: SHOW COLUMNS FROM `tbk_tbkitem` [ RunTime:0.0070s ]
SQL: SELECT COUNT(*) AS tp_count FROM `tbk_tbkitem` LIMIT 1   [ RunTime:0.0011s ]
NOTIC: [8] Undefined variable: cwhere D:\Apache\htdocs\tbk\Tbk\Home\Controller\BaseController.class.php 第 62 行.
SQL: SELECT * FROM `tbk_tbkitem` LIMIT 0,12   [ RunTime:0.0013s ]
SQL: SHOW COLUMNS FROM `tbk_posts` [ RunTime:0.0099s ]
SQL: SELECT * FROM `tbk_posts` WHERE ( 1=1 and post_status='publish' and post_type='post' and post_date<now() ) ORDER BY comment_count desc LIMIT 5   [ RunTime:0.0013s ]
SQL: SELECT * FROM `tbk_posts` WHERE ( 1=1 and post_status='publish' and post_type='post' ) ORDER BY post_date desc LIMIT 5   [ RunTime:0.0014s ]
INFO: [ view_parse ] --START--
INFO: [ template_filter ] --START--
INFO: Run Behavior\ContentReplaceBehavior [ RunTime:0.000108s ]
INFO: [ template_filter ] --END-- [ RunTime:0.000249s ]
NOTIC: [8] Use of undefined constant option_value - assumed 'option_value' D:\Apache\htdocs\tbk\Tbk\Runtime\Cache\Home\31c734afd87e76df000e81f187e3e6be.php 第 15 行.
NOTIC: [8] Use of undefined constant option_value - assumed 'option_value' D:\Apache\htdocs\tbk\Tbk\Runtime\Cache\Home\31c734afd87e76df000e81f187e3e6be.php 第 16 行.
NOTIC: [8] Use of undefined constant option_value - assumed 'option_value' D:\Apache\htdocs\tbk\Tbk\Runtime\Cache\Home\31c734afd87e76df000e81f187e3e6be.php 第 17 行.
NOTIC: [8] Use of undefined constant option_value - assumed 'option_value' D:\Apache\htdocs\tbk\Tbk\Runtime\Cache\Home\31c734afd87e76df000e81f187e3e6be.php 第 31 行.
NOTIC: [8] Use of undefined constant option_value - assumed 'option_value' D:\Apache\htdocs\tbk\Tbk\Runtime\Cache\Home\31c734afd87e76df000e81f187e3e6be.php 第 32 行.
INFO: Run Behavior\ParseTemplateBehavior [ RunTime:0.030260s ]
INFO: [ view_parse ] --END-- [ RunTime:0.030396s ]
INFO: [ view_filter ] --START--
INFO: Run Behavior\WriteHtmlCacheBehavior [ RunTime:0.000889s ]
INFO: [ view_filter ] --END-- [ RunTime:0.001038s ]
INFO: [ app_end ] --START--
INFO: Run Behavior\ShowPageTraceBehavior [ RunTime:0.002751s ]
INFO: [ app_end ] --END-- [ RunTime:0.002905s ]

[ 2016-12-07T01:02:25+08:00 ] 127.0.0.1 /Tbk/index.php/Home/index/menu/ID/2
INFO: [ app_init ] --START--
INFO: Run Behavior\BuildLiteBehavior [ RunTime:0.000050s ]
INFO: [ app_init ] --END-- [ RunTime:0.001193s ]
INFO: [ app_begin ] --START--
INFO: Run Behavior\ReadHtmlCacheBehavior [ RunTime:0.002258s ]
INFO: [ app_begin ] --END-- [ RunTime:0.004686s ]
INFO: [ app_end ] --START--
INFO: Run Behavior\ShowPageTraceBehavior [ RunTime:0.001445s ]
INFO: [ app_end ] --END-- [ RunTime:0.001632s ]

