[ 2016-12-04T22:12:33+08:00 ] 127.0.0.1 /Tbk/index.php/Admin
INFO: [ app_init ] --START--
INFO: Run Behavior\BuildLiteBehavior [ RunTime:0.000035s ]
INFO: [ app_init ] --END-- [ RunTime:0.000829s ]
INFO: [ app_begin ] --START--
INFO: Run Behavior\ReadHtmlCacheBehavior [ RunTime:0.001292s ]
INFO: [ app_begin ] --END-- [ RunTime:0.001434s ]
NOTIC: [8] Undefined index: wodai D:\Apache\htdocs\tbk\Tbk\Admin\Controller\BaseController.class.php 第 7 行.
INFO: [ view_parse ] --START--
INFO: [ template_filter ] --START--
INFO: Run Behavior\ContentReplaceBehavior [ RunTime:0.000068s ]
INFO: [ template_filter ] --END-- [ RunTime:0.000162s ]
INFO: Run Behavior\ParseTemplateBehavior [ RunTime:0.025095s ]
INFO: [ view_parse ] --END-- [ RunTime:0.025204s ]
INFO: [ view_filter ] --START--
INFO: Run Behavior\WriteHtmlCacheBehavior [ RunTime:0.000645s ]
INFO: [ view_filter ] --END-- [ RunTime:0.000728s ]

[ 2016-12-04T22:12:36+08:00 ] 127.0.0.1 /Tbk/index.php/Admin/Login/login.html
INFO: [ app_init ] --START--
INFO: Run Behavior\BuildLiteBehavior [ RunTime:0.000035s ]
INFO: [ app_init ] --END-- [ RunTime:0.000698s ]
INFO: [ app_begin ] --START--
INFO: Run Behavior\ReadHtmlCacheBehavior [ RunTime:0.001069s ]
INFO: [ app_begin ] --END-- [ RunTime:0.001238s ]
INFO: [ view_parse ] --START--
INFO: [ template_filter ] --START--
INFO: Run Behavior\ContentReplaceBehavior [ RunTime:0.000165s ]
INFO: [ template_filter ] --END-- [ RunTime:0.000363s ]
INFO: Run Behavior\ParseTemplateBehavior [ RunTime:0.014811s ]
INFO: [ view_parse ] --END-- [ RunTime:0.014943s ]
INFO: [ view_filter ] --START--
INFO: Run Behavior\WriteHtmlCacheBehavior [ RunTime:0.000660s ]
INFO: [ view_filter ] --END-- [ RunTime:0.000743s ]
INFO: [ app_end ] --START--
INFO: Run Behavior\ShowPageTraceBehavior [ RunTime:0.001140s ]
INFO: [ app_end ] --END-- [ RunTime:0.001236s ]

[ 2016-12-04T22:13:28+08:00 ] 127.0.0.1 /Tbk/index.php/Admin/Login/dologin.html
INFO: [ app_init ] --START--
INFO: Run Behavior\BuildLiteBehavior [ RunTime:0.000024s ]
INFO: [ app_init ] --END-- [ RunTime:0.000572s ]
INFO: [ app_begin ] --START--
INFO: Run Behavior\ReadHtmlCacheBehavior [ RunTime:0.000824s ]
INFO: [ app_begin ] --END-- [ RunTime:0.000922s ]
NOTIC: [8] Undefined index: verify D:\Apache\htdocs\tbk\Tbk\Admin\Controller\LoginController.class.php 第 13 行.
SQL: SHOW COLUMNS FROM `tbk_user` [ RunTime:0.0187s ]
SQL: SELECT * FROM `tbk_user` WHERE ( user_login='admin' AND user_pass='e10adc3949ba59abbe56e057f20f883e' ) LIMIT 1   [ RunTime:0.0104s ]

[ 2016-12-04T22:13:28+08:00 ] 127.0.0.1 /Tbk/index.php/Admin/Index/Index.html
INFO: [ app_init ] --START--
INFO: Run Behavior\BuildLiteBehavior [ RunTime:0.000029s ]
INFO: [ app_init ] --END-- [ RunTime:0.000643s ]
INFO: [ app_begin ] --START--
INFO: Run Behavior\ReadHtmlCacheBehavior [ RunTime:0.000944s ]
INFO: [ app_begin ] --END-- [ RunTime:0.001052s ]
SQL: SHOW COLUMNS FROM `tbk_usermeta` [ RunTime:0.0055s ]
SQL: SELECT * FROM `tbk_usermeta` WHERE ( user_id=1 )  [ RunTime:0.0008s ]
NOTIC: [8] Undefined variable: userinfo D:\Apache\htdocs\tbk\Tbk\Admin\Controller\BaseController.class.php 第 48 行.
SQL: SHOW COLUMNS FROM `tbk_menu` [ RunTime:0.0057s ]
SQL: SELECT * FROM `tbk_menu` WHERE ( 1=1 and parentid=0 and  cid =1 and status=1 )  [ RunTime:0.0009s ]
SQL: SELECT * FROM `tbk_menu` WHERE ( 1=1 and parentid!=0 and  cid =1 and status=1 )  [ RunTime:0.0006s ]
NOTIC: [8] Undefined variable: sidebar D:\Apache\htdocs\tbk\Tbk\Admin\Controller\BaseController.class.php 第 37 行.
SQL: select VERSION() as version [ RunTime:0.0212s ]
INFO: [ view_parse ] --START--
INFO: [ template_filter ] --START--
INFO: Run Behavior\ContentReplaceBehavior [ RunTime:0.000142s ]
INFO: [ template_filter ] --END-- [ RunTime:0.000282s ]
NOTIC: [8] Use of undefined constant pic - assumed 'pic' D:\Apache\htdocs\tbk\Tbk\Runtime\Cache\Admin\b917688f1f79756cf50576bf1726e1bb.php 第 36 行.
NOTIC: [8] Use of undefined constant nickname - assumed 'nickname' D:\Apache\htdocs\tbk\Tbk\Runtime\Cache\Admin\b917688f1f79756cf50576bf1726e1bb.php 第 37 行.
INFO: Run Behavior\ParseTemplateBehavior [ RunTime:0.040450s ]
INFO: [ view_parse ] --END-- [ RunTime:0.040554s ]
INFO: [ view_filter ] --START--
INFO: Run Behavior\WriteHtmlCacheBehavior [ RunTime:0.000685s ]
INFO: [ view_filter ] --END-- [ RunTime:0.000746s ]
INFO: [ app_end ] --START--
INFO: Run Behavior\ShowPageTraceBehavior [ RunTime:0.000923s ]
INFO: [ app_end ] --END-- [ RunTime:0.001007s ]

[ 2016-12-04T22:14:57+08:00 ] 127.0.0.1 /Tbk/index.php/Admin/Index/Index.html
INFO: [ app_init ] --START--
INFO: Run Behavior\BuildLiteBehavior [ RunTime:0.000041s ]
INFO: [ app_init ] --END-- [ RunTime:0.001113s ]
INFO: [ app_begin ] --START--
INFO: Run Behavior\ReadHtmlCacheBehavior [ RunTime:0.001382s ]
INFO: [ app_begin ] --END-- [ RunTime:0.001515s ]
SQL: SHOW COLUMNS FROM `tbk_usermeta` [ RunTime:0.0047s ]
SQL: SELECT * FROM `tbk_usermeta` WHERE ( user_id=1 )  [ RunTime:0.0009s ]
NOTIC: [8] Undefined variable: userinfo D:\Apache\htdocs\tbk\Tbk\Admin\Controller\BaseController.class.php 第 48 行.
SQL: SHOW COLUMNS FROM `tbk_menu` [ RunTime:0.0063s ]
SQL: SELECT * FROM `tbk_menu` WHERE ( 1=1 and parentid=0 and  cid =1 and status=1 )  [ RunTime:0.0007s ]
SQL: SELECT * FROM `tbk_menu` WHERE ( 1=1 and parentid!=0 and  cid =1 and status=1 )  [ RunTime:0.0006s ]
NOTIC: [8] Undefined variable: sidebar D:\Apache\htdocs\tbk\Tbk\Admin\Controller\BaseController.class.php 第 23 行.
SQL: select VERSION() as version [ RunTime:0.0002s ]
INFO: [ view_parse ] --START--
INFO: [ template_filter ] --START--
INFO: Run Behavior\ContentReplaceBehavior [ RunTime:0.000083s ]
INFO: [ template_filter ] --END-- [ RunTime:0.000182s ]
NOTIC: [8] Use of undefined constant pic - assumed 'pic' D:\Apache\htdocs\tbk\Tbk\Runtime\Cache\Admin\b917688f1f79756cf50576bf1726e1bb.php 第 36 行.
NOTIC: [8] Use of undefined constant nickname - assumed 'nickname' D:\Apache\htdocs\tbk\Tbk\Runtime\Cache\Admin\b917688f1f79756cf50576bf1726e1bb.php 第 37 行.
INFO: Run Behavior\ParseTemplateBehavior [ RunTime:0.014879s ]
INFO: [ view_parse ] --END-- [ RunTime:0.014985s ]
INFO: [ view_filter ] --START--
INFO: Run Behavior\WriteHtmlCacheBehavior [ RunTime:0.000643s ]
INFO: [ view_filter ] --END-- [ RunTime:0.000735s ]
INFO: [ app_end ] --START--
INFO: Run Behavior\ShowPageTraceBehavior [ RunTime:0.001294s ]
INFO: [ app_end ] --END-- [ RunTime:0.001404s ]

[ 2016-12-04T22:17:56+08:00 ] 127.0.0.1 /Tbk/index.php/Admin/Index/Index.html
INFO: [ app_init ] --START--
INFO: Run Behavior\BuildLiteBehavior [ RunTime:0.000040s ]
INFO: [ app_init ] --END-- [ RunTime:0.002696s ]
INFO: [ app_begin ] --START--
INFO: Run Behavior\ReadHtmlCacheBehavior [ RunTime:0.001636s ]
INFO: [ app_begin ] --END-- [ RunTime:0.001803s ]
SQL: SHOW COLUMNS FROM `tbk_usermeta` [ RunTime:0.0057s ]
SQL: SELECT * FROM `tbk_usermeta` WHERE ( user_id=1 )  [ RunTime:0.0008s ]
NOTIC: [8] Undefined variable: userinfo D:\Apache\htdocs\tbk\Tbk\Admin\Controller\BaseController.class.php 第 48 行.
SQL: SHOW COLUMNS FROM `tbk_menu` [ RunTime:0.0055s ]
SQL: SELECT * FROM `tbk_menu` WHERE ( 1=1 and parentid=0 and  cid =1 and status=1 )  [ RunTime:0.0006s ]
SQL: SELECT * FROM `tbk_menu` WHERE ( 1=1 and parentid!=0 and  cid =1 and status=1 )  [ RunTime:0.0006s ]
NOTIC: [8] Undefined variable: sidebar D:\Apache\htdocs\tbk\Tbk\Admin\Controller\BaseController.class.php 第 23 行.
SQL: select VERSION() as version [ RunTime:0.0002s ]
INFO: [ view_parse ] --START--
INFO: [ template_filter ] --START--
INFO: Run Behavior\ContentReplaceBehavior [ RunTime:0.000112s ]
INFO: [ template_filter ] --END-- [ RunTime:0.000242s ]
NOTIC: [8] Use of undefined constant pic - assumed 'pic' D:\Apache\htdocs\tbk\Tbk\Runtime\Cache\Admin\b917688f1f79756cf50576bf1726e1bb.php 第 36 行.
NOTIC: [8] Use of undefined constant nickname - assumed 'nickname' D:\Apache\htdocs\tbk\Tbk\Runtime\Cache\Admin\b917688f1f79756cf50576bf1726e1bb.php 第 37 行.
INFO: Run Behavior\ParseTemplateBehavior [ RunTime:0.016931s ]
INFO: [ view_parse ] --END-- [ RunTime:0.017023s ]
INFO: [ view_filter ] --START--
INFO: Run Behavior\WriteHtmlCacheBehavior [ RunTime:0.001305s ]
INFO: [ view_filter ] --END-- [ RunTime:0.001426s ]
INFO: [ app_end ] --START--
INFO: Run Behavior\ShowPageTraceBehavior [ RunTime:0.001553s ]
INFO: [ app_end ] --END-- [ RunTime:0.001686s ]

[ 2016-12-04T22:17:59+08:00 ] 127.0.0.1 /Tbk/index.php/Admin/Index/index.php/Admin/Post/index.html
INFO: [ app_init ] --START--
INFO: Run Behavior\BuildLiteBehavior [ RunTime:0.000023s ]
INFO: [ app_init ] --END-- [ RunTime:0.000577s ]
INFO: [ app_begin ] --START--
INFO: Run Behavior\ReadHtmlCacheBehavior [ RunTime:0.001461s ]
INFO: [ app_begin ] --END-- [ RunTime:0.001625s ]
SQL: SHOW COLUMNS FROM `tbk_usermeta` [ RunTime:0.0055s ]
SQL: SELECT * FROM `tbk_usermeta` WHERE ( user_id=1 )  [ RunTime:0.0006s ]
NOTIC: [8] Undefined variable: userinfo D:\Apache\htdocs\tbk\Tbk\Admin\Controller\BaseController.class.php 第 48 行.
SQL: SHOW COLUMNS FROM `tbk_menu` [ RunTime:0.0043s ]
SQL: SELECT * FROM `tbk_menu` WHERE ( 1=1 and parentid=0 and  cid =1 and status=1 )  [ RunTime:0.0005s ]
SQL: SELECT * FROM `tbk_menu` WHERE ( 1=1 and parentid!=0 and  cid =1 and status=1 )  [ RunTime:0.0005s ]
NOTIC: [8] Undefined variable: sidebar D:\Apache\htdocs\tbk\Tbk\Admin\Controller\BaseController.class.php 第 23 行.
ERR: 非法操作:index.php

[ 2016-12-04T22:18:13+08:00 ] 127.0.0.1 /Tbk/index.php/Admin/Index/index.php/Admin/Post/index.html
INFO: [ app_init ] --START--
INFO: Run Behavior\BuildLiteBehavior [ RunTime:0.000037s ]
INFO: [ app_init ] --END-- [ RunTime:0.001959s ]
INFO: [ app_begin ] --START--
INFO: Run Behavior\ReadHtmlCacheBehavior [ RunTime:0.006226s ]
INFO: [ app_begin ] --END-- [ RunTime:0.006377s ]
SQL: SHOW COLUMNS FROM `tbk_usermeta` [ RunTime:0.0081s ]
SQL: SELECT * FROM `tbk_usermeta` WHERE ( user_id=1 )  [ RunTime:0.0008s ]
NOTIC: [8] Undefined variable: userinfo D:\Apache\htdocs\tbk\Tbk\Admin\Controller\BaseController.class.php 第 48 行.
SQL: SHOW COLUMNS FROM `tbk_menu` [ RunTime:0.0042s ]
SQL: SELECT * FROM `tbk_menu` WHERE ( 1=1 and parentid=0 and  cid =1 and status=1 )  [ RunTime:0.0006s ]
SQL: SELECT * FROM `tbk_menu` WHERE ( 1=1 and parentid!=0 and  cid =1 and status=1 )  [ RunTime:0.0006s ]
NOTIC: [8] Undefined variable: sidebar D:\Apache\htdocs\tbk\Tbk\Admin\Controller\BaseController.class.php 第 23 行.
ERR: 非法操作:index.php

[ 2016-12-04T22:21:02+08:00 ] 127.0.0.1 /Tbk/index.php/Admin/Index/Index.html
INFO: [ app_init ] --START--
INFO: Run Behavior\BuildLiteBehavior [ RunTime:0.000029s ]
INFO: [ app_init ] --END-- [ RunTime:0.000643s ]
INFO: [ app_begin ] --START--
INFO: Run Behavior\ReadHtmlCacheBehavior [ RunTime:0.001357s ]
INFO: [ app_begin ] --END-- [ RunTime:0.001488s ]
SQL: SHOW COLUMNS FROM `tbk_usermeta` [ RunTime:0.0905s ]
SQL: SELECT * FROM `tbk_usermeta` WHERE ( user_id=1 )  [ RunTime:0.0014s ]
NOTIC: [8] Undefined variable: userinfo D:\Apache\htdocs\tbk\Tbk\Admin\Controller\BaseController.class.php 第 48 行.
SQL: SHOW COLUMNS FROM `tbk_menu` [ RunTime:0.0046s ]
SQL: SELECT * FROM `tbk_menu` WHERE ( 1=1 and parentid=0 and  cid =1 and status=1 )  [ RunTime:0.0007s ]
SQL: SELECT * FROM `tbk_menu` WHERE ( 1=1 and parentid!=0 and  cid =1 and status=1 )  [ RunTime:0.0006s ]
NOTIC: [8] Undefined variable: sidebar D:\Apache\htdocs\tbk\Tbk\Admin\Controller\BaseController.class.php 第 23 行.
SQL: select VERSION() as version [ RunTime:0.0005s ]
INFO: [ view_parse ] --START--
INFO: [ template_filter ] --START--
INFO: Run Behavior\ContentReplaceBehavior [ RunTime:0.000114s ]
INFO: [ template_filter ] --END-- [ RunTime:0.000269s ]
NOTIC: [8] Use of undefined constant pic - assumed 'pic' D:\Apache\htdocs\tbk\Tbk\Runtime\Cache\Admin\b917688f1f79756cf50576bf1726e1bb.php 第 36 行.
NOTIC: [8] Use of undefined constant nickname - assumed 'nickname' D:\Apache\htdocs\tbk\Tbk\Runtime\Cache\Admin\b917688f1f79756cf50576bf1726e1bb.php 第 37 行.
INFO: Run Behavior\ParseTemplateBehavior [ RunTime:0.016611s ]
INFO: [ view_parse ] --END-- [ RunTime:0.016731s ]
INFO: [ view_filter ] --START--
INFO: Run Behavior\WriteHtmlCacheBehavior [ RunTime:0.000630s ]
INFO: [ view_filter ] --END-- [ RunTime:0.000722s ]
INFO: [ app_end ] --START--
INFO: Run Behavior\ShowPageTraceBehavior [ RunTime:0.001698s ]
INFO: [ app_end ] --END-- [ RunTime:0.001813s ]

[ 2016-12-04T22:21:18+08:00 ] 127.0.0.1 /Tbk/index.php/Admin/
INFO: [ app_init ] --START--
INFO: Run Behavior\BuildLiteBehavior [ RunTime:0.000030s ]
INFO: [ app_init ] --END-- [ RunTime:0.000613s ]
INFO: [ app_begin ] --START--
INFO: Run Behavior\ReadHtmlCacheBehavior [ RunTime:0.000932s ]
INFO: [ app_begin ] --END-- [ RunTime:0.001045s ]
SQL: SHOW COLUMNS FROM `tbk_usermeta` [ RunTime:0.0053s ]
SQL: SELECT * FROM `tbk_usermeta` WHERE ( user_id=1 )  [ RunTime:0.0007s ]
NOTIC: [8] Undefined variable: userinfo D:\Apache\htdocs\tbk\Tbk\Admin\Controller\BaseController.class.php 第 48 行.
SQL: SHOW COLUMNS FROM `tbk_menu` [ RunTime:0.0042s ]
SQL: SELECT * FROM `tbk_menu` WHERE ( 1=1 and parentid=0 and  cid =1 and status=1 )  [ RunTime:0.0008s ]
SQL: SELECT * FROM `tbk_menu` WHERE ( 1=1 and parentid!=0 and  cid =1 and status=1 )  [ RunTime:0.0007s ]
NOTIC: [8] Undefined variable: sidebar D:\Apache\htdocs\tbk\Tbk\Admin\Controller\BaseController.class.php 第 23 行.
SQL: select VERSION() as version [ RunTime:0.0004s ]
INFO: [ view_parse ] --START--
INFO: [ template_filter ] --START--
INFO: Run Behavior\ContentReplaceBehavior [ RunTime:0.000078s ]
INFO: [ template_filter ] --END-- [ RunTime:0.000169s ]
NOTIC: [8] Use of undefined constant pic - assumed 'pic' D:\Apache\htdocs\tbk\Tbk\Runtime\Cache\Admin\3438f88dea6c5408f17f6028e0f37ba0.php 第 36 行.
NOTIC: [8] Use of undefined constant nickname - assumed 'nickname' D:\Apache\htdocs\tbk\Tbk\Runtime\Cache\Admin\3438f88dea6c5408f17f6028e0f37ba0.php 第 37 行.
INFO: Run Behavior\ParseTemplateBehavior [ RunTime:0.013427s ]
INFO: [ view_parse ] --END-- [ RunTime:0.013533s ]
INFO: [ view_filter ] --START--
INFO: Run Behavior\WriteHtmlCacheBehavior [ RunTime:0.000475s ]
INFO: [ view_filter ] --END-- [ RunTime:0.000590s ]
INFO: [ app_end ] --START--
INFO: Run Behavior\ShowPageTraceBehavior [ RunTime:0.001621s ]
INFO: [ app_end ] --END-- [ RunTime:0.001761s ]

[ 2016-12-04T22:21:34+08:00 ] 127.0.0.1 /Tbk/index.php/Admin/Index/index.html
INFO: [ app_init ] --START--
INFO: Run Behavior\BuildLiteBehavior [ RunTime:0.000036s ]
INFO: [ app_init ] --END-- [ RunTime:0.000783s ]
INFO: [ app_begin ] --START--
INFO: Run Behavior\ReadHtmlCacheBehavior [ RunTime:0.000952s ]
INFO: [ app_begin ] --END-- [ RunTime:0.001083s ]
SQL: SHOW COLUMNS FROM `tbk_usermeta` [ RunTime:0.0044s ]
SQL: SELECT * FROM `tbk_usermeta` WHERE ( user_id=1 )  [ RunTime:0.0008s ]
NOTIC: [8] Undefined variable: userinfo D:\Apache\htdocs\tbk\Tbk\Admin\Controller\BaseController.class.php 第 48 行.
SQL: SHOW COLUMNS FROM `tbk_menu` [ RunTime:0.0042s ]
SQL: SELECT * FROM `tbk_menu` WHERE ( 1=1 and parentid=0 and  cid =1 and status=1 )  [ RunTime:0.0008s ]
SQL: SELECT * FROM `tbk_menu` WHERE ( 1=1 and parentid!=0 and  cid =1 and status=1 )  [ RunTime:0.0007s ]
NOTIC: [8] Undefined variable: sidebar D:\Apache\htdocs\tbk\Tbk\Admin\Controller\BaseController.class.php 第 23 行.
SQL: select VERSION() as version [ RunTime:0.0003s ]
INFO: [ view_parse ] --START--
INFO: [ template_filter ] --START--
INFO: Run Behavior\ContentReplaceBehavior [ RunTime:0.000101s ]
INFO: [ template_filter ] --END-- [ RunTime:0.000220s ]
NOTIC: [8] Use of undefined constant pic - assumed 'pic' D:\Apache\htdocs\tbk\Tbk\Runtime\Cache\Admin\3438f88dea6c5408f17f6028e0f37ba0.php 第 36 行.
NOTIC: [8] Use of undefined constant nickname - assumed 'nickname' D:\Apache\htdocs\tbk\Tbk\Runtime\Cache\Admin\3438f88dea6c5408f17f6028e0f37ba0.php 第 37 行.
INFO: Run Behavior\ParseTemplateBehavior [ RunTime:0.011377s ]
INFO: [ view_parse ] --END-- [ RunTime:0.011465s ]
INFO: [ view_filter ] --START--
INFO: Run Behavior\WriteHtmlCacheBehavior [ RunTime:0.000331s ]
INFO: [ view_filter ] --END-- [ RunTime:0.000397s ]
INFO: [ app_end ] --START--
INFO: Run Behavior\ShowPageTraceBehavior [ RunTime:0.001002s ]
INFO: [ app_end ] --END-- [ RunTime:0.001103s ]

[ 2016-12-04T22:21:38+08:00 ] 127.0.0.1 /Tbk/index.php/Admin/Index/index.php/Admin/Post/index.html
INFO: [ app_init ] --START--
INFO: Run Behavior\BuildLiteBehavior [ RunTime:0.000032s ]
INFO: [ app_init ] --END-- [ RunTime:0.000558s ]
INFO: [ app_begin ] --START--
INFO: Run Behavior\ReadHtmlCacheBehavior [ RunTime:0.001124s ]
INFO: [ app_begin ] --END-- [ RunTime:0.001252s ]
SQL: SHOW COLUMNS FROM `tbk_usermeta` [ RunTime:0.0042s ]
SQL: SELECT * FROM `tbk_usermeta` WHERE ( user_id=1 )  [ RunTime:0.0005s ]
NOTIC: [8] Undefined variable: userinfo D:\Apache\htdocs\tbk\Tbk\Admin\Controller\BaseController.class.php 第 48 行.
SQL: SHOW COLUMNS FROM `tbk_menu` [ RunTime:0.0055s ]
SQL: SELECT * FROM `tbk_menu` WHERE ( 1=1 and parentid=0 and  cid =1 and status=1 )  [ RunTime:0.0007s ]
SQL: SELECT * FROM `tbk_menu` WHERE ( 1=1 and parentid!=0 and  cid =1 and status=1 )  [ RunTime:0.0006s ]
NOTIC: [8] Undefined variable: sidebar D:\Apache\htdocs\tbk\Tbk\Admin\Controller\BaseController.class.php 第 23 行.
ERR: 非法操作:index.php

[ 2016-12-04T22:21:53+08:00 ] 127.0.0.1 /Tbk/index.php/Admin/Post/index.html
INFO: [ app_init ] --START--
INFO: Run Behavior\BuildLiteBehavior [ RunTime:0.000021s ]
INFO: [ app_init ] --END-- [ RunTime:0.000439s ]
INFO: [ app_begin ] --START--
INFO: Run Behavior\ReadHtmlCacheBehavior [ RunTime:0.000863s ]
INFO: [ app_begin ] --END-- [ RunTime:0.000960s ]
ERR: 无法加载控制器:Post

[ 2016-12-04T22:22:41+08:00 ] 127.0.0.1 /Tbk/index.php/Admin/Posts/index.html
INFO: [ app_init ] --START--
INFO: Run Behavior\BuildLiteBehavior [ RunTime:0.000034s ]
INFO: [ app_init ] --END-- [ RunTime:0.000736s ]
INFO: [ app_begin ] --START--
INFO: Run Behavior\ReadHtmlCacheBehavior [ RunTime:0.001054s ]
INFO: [ app_begin ] --END-- [ RunTime:0.001179s ]
SQL: SHOW COLUMNS FROM `tbk_usermeta` [ RunTime:0.0044s ]
SQL: SELECT * FROM `tbk_usermeta` WHERE ( user_id=1 )  [ RunTime:0.0004s ]
NOTIC: [8] Undefined variable: userinfo D:\Apache\htdocs\tbk\Tbk\Admin\Controller\BaseController.class.php 第 48 行.
SQL: SHOW COLUMNS FROM `tbk_menu` [ RunTime:0.0049s ]
SQL: SELECT * FROM `tbk_menu` WHERE ( 1=1 and parentid=0 and  cid =1 and status=1 )  [ RunTime:0.0011s ]
SQL: SELECT * FROM `tbk_menu` WHERE ( 1=1 and parentid!=0 and  cid =1 and status=1 )  [ RunTime:0.0008s ]
NOTIC: [8] Undefined variable: sidebar D:\Apache\htdocs\tbk\Tbk\Admin\Controller\BaseController.class.php 第 23 行.
SQL: SHOW COLUMNS FROM `tbk_posts` [ RunTime:0.1163s ]
SQL: SELECT * FROM `tbk_posts` WHERE ( 1=1 ) ORDER BY post_date  [ RunTime:0.0006s ]
INFO: [ view_parse ] --START--
INFO: [ template_filter ] --START--
INFO: Run Behavior\ContentReplaceBehavior [ RunTime:0.000143s ]
INFO: [ template_filter ] --END-- [ RunTime:0.000287s ]
INFO: Run Behavior\ParseTemplateBehavior [ RunTime:0.018116s ]
INFO: [ view_parse ] --END-- [ RunTime:0.018360s ]
INFO: [ view_filter ] --START--
INFO: Run Behavior\WriteHtmlCacheBehavior [ RunTime:0.000432s ]
INFO: [ view_filter ] --END-- [ RunTime:0.000522s ]
INFO: [ app_end ] --START--
INFO: Run Behavior\ShowPageTraceBehavior [ RunTime:0.001289s ]
INFO: [ app_end ] --END-- [ RunTime:0.001403s ]

[ 2016-12-04T22:22:45+08:00 ] 127.0.0.1 /Tbk/index.php/Admin/Posts/Posts_add.html
INFO: [ app_init ] --START--
INFO: Run Behavior\BuildLiteBehavior [ RunTime:0.000030s ]
INFO: [ app_init ] --END-- [ RunTime:0.000631s ]
INFO: [ app_begin ] --START--
INFO: Run Behavior\ReadHtmlCacheBehavior [ RunTime:0.000645s ]
INFO: [ app_begin ] --END-- [ RunTime:0.000725s ]
SQL: SHOW COLUMNS FROM `tbk_usermeta` [ RunTime:0.0049s ]
SQL: SELECT * FROM `tbk_usermeta` WHERE ( user_id=1 )  [ RunTime:0.0005s ]
NOTIC: [8] Undefined variable: userinfo D:\Apache\htdocs\tbk\Tbk\Admin\Controller\BaseController.class.php 第 48 行.
SQL: SHOW COLUMNS FROM `tbk_menu` [ RunTime:0.0051s ]
SQL: SELECT * FROM `tbk_menu` WHERE ( 1=1 and parentid=0 and  cid =1 and status=1 )  [ RunTime:0.0013s ]
SQL: SELECT * FROM `tbk_menu` WHERE ( 1=1 and parentid!=0 and  cid =1 and status=1 )  [ RunTime:0.0006s ]
NOTIC: [8] Undefined variable: sidebar D:\Apache\htdocs\tbk\Tbk\Admin\Controller\BaseController.class.php 第 23 行.
SQL: SHOW COLUMNS FROM `tbk_posts` [ RunTime:0.0046s ]
SQL: SELECT * FROM `tbk_posts` WHERE ( 1=1 )  [ RunTime:0.0008s ]
SQL: SELECT * FROM `tbk_menu` WHERE ( cid=0 )  [ RunTime:0.0006s ]
INFO: [ view_parse ] --START--
INFO: [ template_filter ] --START--
INFO: Run Behavior\ContentReplaceBehavior [ RunTime:0.000153s ]
INFO: [ template_filter ] --END-- [ RunTime:0.000267s ]
NOTIC: [8] Use of undefined constant id - assumed 'id' D:\Apache\htdocs\tbk\Tbk\Runtime\Cache\Admin\8f7acf911cb6adad00f4c45be0243825.php 第 28 行.
NOTIC: [8] Undefined index: id D:\Apache\htdocs\tbk\Tbk\Runtime\Cache\Admin\8f7acf911cb6adad00f4c45be0243825.php 第 28 行.
NOTIC: [8] Undefined index: post_title D:\Apache\htdocs\tbk\Tbk\Runtime\Cache\Admin\8f7acf911cb6adad00f4c45be0243825.php 第 40 行.
NOTIC: [8] Undefined index: post_date D:\Apache\htdocs\tbk\Tbk\Runtime\Cache\Admin\8f7acf911cb6adad00f4c45be0243825.php 第 46 行.
NOTIC: [8] Undefined index: post_author D:\Apache\htdocs\tbk\Tbk\Runtime\Cache\Admin\8f7acf911cb6adad00f4c45be0243825.php 第 53 行.
NOTIC: [8] Undefined index: guid D:\Apache\htdocs\tbk\Tbk\Runtime\Cache\Admin\8f7acf911cb6adad00f4c45be0243825.php 第 59 行.
NOTIC: [8] Undefined index: post_info D:\Apache\htdocs\tbk\Tbk\Runtime\Cache\Admin\8f7acf911cb6adad00f4c45be0243825.php 第 65 行.
NOTIC: [8] Undefined index: post_content D:\Apache\htdocs\tbk\Tbk\Runtime\Cache\Admin\8f7acf911cb6adad00f4c45be0243825.php 第 72 行.
NOTIC: [8] Undefined index: post_status D:\Apache\htdocs\tbk\Tbk\Runtime\Cache\Admin\8f7acf911cb6adad00f4c45be0243825.php 第 80 行.
NOTIC: [8] Undefined index: post_status D:\Apache\htdocs\tbk\Tbk\Runtime\Cache\Admin\8f7acf911cb6adad00f4c45be0243825.php 第 82 行.
INFO: Run Behavior\ParseTemplateBehavior [ RunTime:0.020248s ]
INFO: [ view_parse ] --END-- [ RunTime:0.020374s ]
INFO: [ view_filter ] --START--
INFO: Run Behavior\WriteHtmlCacheBehavior [ RunTime:0.000700s ]
INFO: [ view_filter ] --END-- [ RunTime:0.000809s ]
INFO: [ app_end ] --START--
INFO: Run Behavior\ShowPageTraceBehavior [ RunTime:0.001615s ]
INFO: [ app_end ] --END-- [ RunTime:0.001738s ]

[ 2016-12-04T22:24:06+08:00 ] 127.0.0.1 /Tbk/index.php/Admin/Posts/doedit.html
INFO: [ app_init ] --START--
INFO: Run Behavior\BuildLiteBehavior [ RunTime:0.000035s ]
INFO: [ app_init ] --END-- [ RunTime:0.000869s ]
INFO: [ app_begin ] --START--
INFO: Run Behavior\ReadHtmlCacheBehavior [ RunTime:0.001269s ]
INFO: [ app_begin ] --END-- [ RunTime:0.001427s ]
SQL: SHOW COLUMNS FROM `tbk_usermeta` [ RunTime:0.0054s ]
SQL: SELECT * FROM `tbk_usermeta` WHERE ( user_id=1 )  [ RunTime:0.0011s ]
NOTIC: [8] Undefined variable: userinfo D:\Apache\htdocs\tbk\Tbk\Admin\Controller\BaseController.class.php 第 48 行.
SQL: SHOW COLUMNS FROM `tbk_menu` [ RunTime:0.0051s ]
SQL: SELECT * FROM `tbk_menu` WHERE ( 1=1 and parentid=0 and  cid =1 and status=1 )  [ RunTime:0.0007s ]
SQL: SELECT * FROM `tbk_menu` WHERE ( 1=1 and parentid!=0 and  cid =1 and status=1 )  [ RunTime:0.0008s ]
NOTIC: [8] Undefined variable: sidebar D:\Apache\htdocs\tbk\Tbk\Admin\Controller\BaseController.class.php 第 23 行.
SQL: SHOW COLUMNS FROM `tbk_posts` [ RunTime:0.0063s ]
NOTIC: [8] Undefined index: ID D:\Apache\htdocs\tbk\Tbk\Admin\Controller\PostsController.class.php 第 43 行.
NOTIC: [8] Undefined index: post_type D:\Apache\htdocs\tbk\Tbk\Admin\Controller\PostsController.class.php 第 52 行.
NOTIC: [8] Undefined index: post_parent D:\Apache\htdocs\tbk\Tbk\Admin\Controller\PostsController.class.php 第 54 行.
NOTIC: [8] Undefined index: comment_count D:\Apache\htdocs\tbk\Tbk\Admin\Controller\PostsController.class.php 第 56 行.
SQL: INSERT INTO `tbk_posts` (`ID`,`post_author`,`post_date`,`post_modified`,`post_info`,`post_content`,`post_title`,`post_type`,`post_status`,`post_parent`,`guid`,`comment_count`) VALUES (NULL,'窝呆','2016-12-04 22:24:06','2016-12-04 22:24:06','美的家魔法扫把无尘扫水地刮刮水器玻璃刮不粘头发扫把魔术扫帚','<p>					</p><p>&lt;div class=&quot;col-md-4&quot;&gt;</p><p>				&lt;h2&gt;</p><p>					&lt;p&gt;美的家魔法扫把无尘扫水地刮刮水器玻璃刮不粘头发扫把魔术扫帚&lt;/p&gt;</p><p>				&lt;/h2&gt;</p><p>				&lt;p&gt;</p><p>					&lt;img src=&quot;http://img03.taobaocdn.com/bao/uploaded/i3/TB1_2J9OpXXXXc0XpXXXXXXXXXX_!!0-item_pic.jpg&quot; class=&quot;img-responsive center-block&quot; /&gt;</p><p>				&lt;/p&gt;</p><p>				&lt;p&gt;价格(单位：元)：26.80元&lt;/p&gt;</p><p>				&lt;p&gt;本月销量：5337件&lt;/p&gt;</p><p>				&lt;p&gt;</p><p>					优惠链接：&lt;a href=&quot;https://s.click.taobao.com/1SHvpMx&quot; class=&quot;btn btn-success&quot;&gt;点击购买&lt;/a&gt;</p><p>				&lt;/p&gt;</p><p>				&lt;p&gt;优惠口令(复制口令打开手机淘宝即可看到)：￥AAbLzWxX￥&lt;/p&gt;</p><p>				&lt;p&gt;</p><p>					领取优惠（先领后买更划算喔）：&lt;a</p><p>						href=&quot;https://uland.taobao.com/coupon/edetail?e=QbvmKcfKTs8N%2BoQUE6FNzILSauBOfe%2FJObXo0w5zNSNbFY7wy5h3BrcZelJt%2BzjynhX9bAu550mAN1qA3vXjSfDpb5v0ezPME4W38O6E%2FXp3dSFCSj4%2FLtzvWUbnITg133GxU8Bk5%2F2ODzDEWuSOpRB1%2FCkeJs12%2FGXOuoyMqnlgnmwacOIhJdmG1Q625xNF95F7X80HYLXOpgst9OXZdVQjt1mpd2syBUZxUxorDekHamiI3LgdfghKuGlk8CENByAbWkyTyjvfInecnDLf3WcrJszLLiEIe%2FzSksNvfwiOf1Fv8XhgqnYjtN3jLvHCiILnPBsBOhvdywZTRG3eCsU6fWC79XUdAtck1TVs8JMJG6Glj4DYdkI9VAcMnwJUeDQ59Vk8a3DNRw%2FWqktooZrblQwjBocZR0ORlQj1bzS97nYpLghplVq%2FwZl8BuiKhM%2BbdDJtjYLtwzNSbPmngeKrWVFI4GE2ah1q6iSqVqVicShoKObUbxDbddOEx61vtBn%2FFJLhQot3dSFCSj4%2FLtzvWUbnITg133GxU8Bk5%2F2ODzDEWuSOpRB1%2FCkeJs12%2FGXOuoyMqnlgnmwacOIhJdmG1Q625xNFRBtYLaPNA4w%3D&amp;pid=mm_12766561_2790295_58798547&amp;af=1&quot;</p><p>						class=&quot;btn btn-success&quot;&gt;点击领取&lt;/a&gt;</p><p>				&lt;/p&gt;</p><p>			&lt;/div&gt;</p><p>
				</p>','美的家魔法扫把无尘扫水地刮刮水器玻璃刮不粘头发扫把魔术扫帚',NULL,'0',NULL,'http://www.1668s.com',NULL) [ RunTime:0.1529s ]
INFO: [ view_parse ] --START--
INFO: [ template_filter ] --START--
INFO: Run Behavior\ContentReplaceBehavior [ RunTime:0.000071s ]
INFO: [ template_filter ] --END-- [ RunTime:0.000161s ]
INFO: Run Behavior\ParseTemplateBehavior [ RunTime:0.010307s ]
INFO: [ view_parse ] --END-- [ RunTime:0.010428s ]
INFO: [ view_filter ] --START--
INFO: Run Behavior\WriteHtmlCacheBehavior [ RunTime:0.000515s ]
INFO: [ view_filter ] --END-- [ RunTime:0.000575s ]
INFO: [ app_end ] --START--
INFO: Run Behavior\ShowPageTraceBehavior [ RunTime:0.000871s ]
INFO: [ app_end ] --END-- [ RunTime:0.000943s ]

[ 2016-12-04T22:24:07+08:00 ] 127.0.0.1 /Tbk/index.php/Admin/Posts/index.html
INFO: [ app_init ] --START--
INFO: Run Behavior\BuildLiteBehavior [ RunTime:0.000058s ]
INFO: [ app_init ] --END-- [ RunTime:0.000609s ]
INFO: [ app_begin ] --START--
INFO: Run Behavior\ReadHtmlCacheBehavior [ RunTime:0.000684s ]
INFO: [ app_begin ] --END-- [ RunTime:0.000779s ]
SQL: SHOW COLUMNS FROM `tbk_usermeta` [ RunTime:0.0045s ]
SQL: SELECT * FROM `tbk_usermeta` WHERE ( user_id=1 )  [ RunTime:0.0006s ]
NOTIC: [8] Undefined variable: userinfo D:\Apache\htdocs\tbk\Tbk\Admin\Controller\BaseController.class.php 第 48 行.
SQL: SHOW COLUMNS FROM `tbk_menu` [ RunTime:0.0056s ]
SQL: SELECT * FROM `tbk_menu` WHERE ( 1=1 and parentid=0 and  cid =1 and status=1 )  [ RunTime:0.0006s ]
SQL: SELECT * FROM `tbk_menu` WHERE ( 1=1 and parentid!=0 and  cid =1 and status=1 )  [ RunTime:0.0005s ]
NOTIC: [8] Undefined variable: sidebar D:\Apache\htdocs\tbk\Tbk\Admin\Controller\BaseController.class.php 第 23 行.
SQL: SHOW COLUMNS FROM `tbk_posts` [ RunTime:0.0047s ]
SQL: SELECT * FROM `tbk_posts` WHERE ( 1=1 ) ORDER BY post_date  [ RunTime:0.0008s ]
INFO: [ view_parse ] --START--
INFO: [ template_filter ] --START--
INFO: Run Behavior\ContentReplaceBehavior [ RunTime:0.000160s ]
INFO: [ template_filter ] --END-- [ RunTime:0.000287s ]
NOTIC: [8] Use of undefined constant id - assumed 'id' D:\Apache\htdocs\tbk\Tbk\Runtime\Cache\Admin\68e2934ce5b7bd63713e7bc9d50af121.php 第 68 行.
INFO: Run Behavior\ParseTemplateBehavior [ RunTime:0.018590s ]
INFO: [ view_parse ] --END-- [ RunTime:0.018774s ]
INFO: [ view_filter ] --START--
INFO: Run Behavior\WriteHtmlCacheBehavior [ RunTime:0.000819s ]
INFO: [ view_filter ] --END-- [ RunTime:0.000941s ]
INFO: [ app_end ] --START--
INFO: Run Behavior\ShowPageTraceBehavior [ RunTime:0.001729s ]
INFO: [ app_end ] --END-- [ RunTime:0.001865s ]

[ 2016-12-04T22:24:11+08:00 ] 127.0.0.1 /Tbk/index.php/Admin/Index/index.html
INFO: [ app_init ] --START--
INFO: Run Behavior\BuildLiteBehavior [ RunTime:0.000031s ]
INFO: [ app_init ] --END-- [ RunTime:0.000622s ]
INFO: [ app_begin ] --START--
INFO: Run Behavior\ReadHtmlCacheBehavior [ RunTime:0.001035s ]
INFO: [ app_begin ] --END-- [ RunTime:0.001171s ]
SQL: SHOW COLUMNS FROM `tbk_usermeta` [ RunTime:0.0071s ]
SQL: SELECT * FROM `tbk_usermeta` WHERE ( user_id=1 )  [ RunTime:0.0008s ]
NOTIC: [8] Undefined variable: userinfo D:\Apache\htdocs\tbk\Tbk\Admin\Controller\BaseController.class.php 第 48 行.
SQL: SHOW COLUMNS FROM `tbk_menu` [ RunTime:0.0054s ]
SQL: SELECT * FROM `tbk_menu` WHERE ( 1=1 and parentid=0 and  cid =1 and status=1 )  [ RunTime:0.0007s ]
SQL: SELECT * FROM `tbk_menu` WHERE ( 1=1 and parentid!=0 and  cid =1 and status=1 )  [ RunTime:0.0006s ]
NOTIC: [8] Undefined variable: sidebar D:\Apache\htdocs\tbk\Tbk\Admin\Controller\BaseController.class.php 第 23 行.
SQL: select VERSION() as version [ RunTime:0.0003s ]
INFO: [ view_parse ] --START--
INFO: [ template_filter ] --START--
INFO: Run Behavior\ContentReplaceBehavior [ RunTime:0.000121s ]
INFO: [ template_filter ] --END-- [ RunTime:0.000261s ]
NOTIC: [8] Use of undefined constant pic - assumed 'pic' D:\Apache\htdocs\tbk\Tbk\Runtime\Cache\Admin\3438f88dea6c5408f17f6028e0f37ba0.php 第 36 行.
NOTIC: [8] Use of undefined constant nickname - assumed 'nickname' D:\Apache\htdocs\tbk\Tbk\Runtime\Cache\Admin\3438f88dea6c5408f17f6028e0f37ba0.php 第 37 行.
INFO: Run Behavior\ParseTemplateBehavior [ RunTime:0.021884s ]
INFO: [ view_parse ] --END-- [ RunTime:0.022008s ]
INFO: [ view_filter ] --START--
INFO: Run Behavior\WriteHtmlCacheBehavior [ RunTime:0.001358s ]
INFO: [ view_filter ] --END-- [ RunTime:0.001459s ]
INFO: [ app_end ] --START--
INFO: Run Behavior\ShowPageTraceBehavior [ RunTime:0.001371s ]
INFO: [ app_end ] --END-- [ RunTime:0.001466s ]

